code-creation,Stub,0x3ae5e6722040,329,"JSEntryStub"
code-creation,Stub,0x3ae5e67221a0,329,"JSConstructEntryStub"
code-creation,Stub,0x3ae5e6722300,745,"CEntryStub"
code-creation,Builtin,0x3ae5e6722600,83,"Illegal"
code-creation,Builtin,0x3ae5e6722660,83,"EmptyFunction"
code-creation,Builtin,0x3ae5e67226c0,83,"ArrayCodeGeneric"
code-creation,Builtin,0x3ae5e6722720,83,"ArrayPush"
code-creation,Builtin,0x3ae5e6722780,83,"ArrayPop"
code-creation,Builtin,0x3ae5e67227e0,83,"ArrayShift"
code-creation,Builtin,0x3ae5e6722840,83,"ArrayUnshift"
code-creation,Builtin,0x3ae5e67228a0,83,"ArraySlice"
code-creation,Builtin,0x3ae5e6722900,83,"ArraySplice"
code-creation,Builtin,0x3ae5e6722960,83,"ArrayConcat"
code-creation,Builtin,0x3ae5e67229c0,88,"HandleApiCall"
code-creation,Builtin,0x3ae5e6722a20,83,"FastHandleApiCall"
code-creation,Builtin,0x3ae5e6722a80,88,"HandleApiCallConstruct"
code-creation,Builtin,0x3ae5e6722ae0,83,"HandleApiCallAsFunction"
code-creation,Builtin,0x3ae5e6722b40,83,"HandleApiCallAsConstructor"
code-creation,Builtin,0x3ae5e6722ba0,83,"StrictModePoisonPill"
code-creation,Builtin,0x3ae5e6722c00,228,"ArgumentsAdaptorTrampoline"
code-creation,Builtin,0x3ae5e6722d00,130,"JSConstructCall"
code-creation,Builtin,0x3ae5e6722da0,586,"JSConstructStubCountdown"
code-creation,Builtin,0x3ae5e6723000,545,"JSConstructStubGeneric"
code-creation,Builtin,0x3ae5e6723240,522,"JSConstructStubApi"
code-creation,Builtin,0x3ae5e6723460,174,"JSEntryTrampoline"
code-creation,Builtin,0x3ae5e6723520,145,"JSConstructEntryTrampoline"
code-creation,Builtin,0x3ae5e67235c0,128,"LazyCompile"
code-creation,Builtin,0x3ae5e6723640,128,"LazyRecompile"
code-creation,Builtin,0x3ae5e67236c0,186,"NotifyDeoptimized"
code-creation,Builtin,0x3ae5e6723780,186,"NotifyLazyDeoptimized"
code-creation,Builtin,0x3ae5e6723840,157,"NotifyOSR"
code-creation,Builtin,0x3ae5e67238e0,88,"LoadIC_Miss"
code-creation,Builtin,0x3ae5e6723940,88,"KeyedLoadIC_Miss"
code-creation,Builtin,0x3ae5e67239a0,88,"KeyedLoadIC_MissForceGeneric"
code-creation,Builtin,0x3ae5e6723a00,88,"KeyedLoadIC_Slow"
code-creation,Builtin,0x3ae5e6723a60,89,"StoreIC_Miss"
code-creation,Builtin,0x3ae5e6723ac0,89,"KeyedStoreIC_Miss"
code-creation,Builtin,0x3ae5e6723b20,89,"KeyedStoreIC_MissForceGeneric"
code-creation,Builtin,0x3ae5e6723b80,89,"KeyedStoreIC_Slow"
code-creation,Builtin,0x3ae5e6723be0,88,"LoadIC_Initialize"
code-creation,Builtin,0x3ae5e6723c40,88,"LoadIC_PreMonomorphic"
code-creation,Stub,0x3ae5e6724040,940,"StringDictionaryNegativeLookupStub"
code-creation,Builtin,0x3ae5e6724400,321,"LoadIC_Normal"
code-creation,Builtin,0x3ae5e6724560,96,"LoadIC_ArrayLength"
code-creation,Builtin,0x3ae5e67245c0,99,"LoadIC_StringLength"
code-creation,Builtin,0x3ae5e6724640,146,"LoadIC_StringWrapperLength"
code-creation,Builtin,0x3ae5e67246e0,136,"LoadIC_FunctionPrototype"
code-creation,Builtin,0x3ae5e6724780,242,"LoadIC_Megamorphic"
code-creation,Builtin,0x3ae5e6724880,88,"KeyedLoadIC_Initialize"
code-creation,Builtin,0x3ae5e67248e0,88,"KeyedLoadIC_PreMonomorphic"
code-creation,Stub,0x3ae5e6724940,940,"StringDictionaryNegativeLookupStub"
code-creation,Builtin,0x3ae5e6724d00,764,"KeyedLoadIC_Generic"
code-creation,Builtin,0x3ae5e6725000,689,"KeyedLoadIC_String"
code-creation,Builtin,0x3ae5e67252c0,156,"KeyedLoadIC_IndexedInterceptor"
code-creation,Builtin,0x3ae5e6725360,275,"KeyedLoadIC_NonStrictArguments"
code-creation,Builtin,0x3ae5e6725480,89,"StoreIC_Initialize"
code-creation,Builtin,0x3ae5e67254e0,162,"StoreIC_ArrayLength"
code-creation,Stub,0x3ae5e67255a0,959,"StringDictionaryNegativeLookupStub"
code-creation,Builtin,0x3ae5e6725960,408,"StoreIC_Normal"
code-creation,Builtin,0x3ae5e6725b00,263,"StoreIC_Megamorphic"
code-creation,Builtin,0x3ae5e6725c20,93,"StoreIC_GlobalProxy"
code-creation,Builtin,0x3ae5e6725c80,89,"StoreIC_Initialize_Strict"
code-creation,Builtin,0x3ae5e6725ce0,162,"StoreIC_ArrayLength_Strict"
code-creation,Builtin,0x3ae5e6725da0,408,"StoreIC_Normal_Strict"
code-creation,Builtin,0x3ae5e6726040,263,"StoreIC_Megamorphic_Strict"
code-creation,Builtin,0x3ae5e6726160,93,"StoreIC_GlobalProxy_Strict"
code-creation,Builtin,0x3ae5e67261c0,89,"KeyedStoreIC_Initialize"
code-creation,Builtin,0x3ae5e6726220,306,"KeyedStoreIC_Generic"
code-creation,Builtin,0x3ae5e6726360,89,"KeyedStoreIC_Initialize_Strict"
code-creation,Builtin,0x3ae5e67263c0,306,"KeyedStoreIC_Generic_Strict"
code-creation,Builtin,0x3ae5e6726500,401,"KeyedStoreIC_NonStrictArguments"
code-creation,Builtin,0x3ae5e67266a0,451,"FunctionCall"
code-creation,Builtin,0x3ae5e6726880,460,"FunctionApply"
code-creation,Builtin,0x3ae5e6726a60,789,"ArrayCode"
code-creation,Builtin,0x3ae5e6726d80,774,"ArrayConstructCode"
code-creation,Builtin,0x3ae5e67270a0,545,"StringConstructCode"
code-creation,Stub,0x3ae5e67272e0,81,"StackCheckStub"
code-creation,Builtin,0x3ae5e6727340,938,"OnStackReplacement"
code-creation,Builtin,0x3ae5e6727700,133,"Return_DebugBreak"
code-creation,Builtin,0x3ae5e67277a0,165,"ConstructCall_DebugBreak"
code-creation,Builtin,0x3ae5e6727860,127,"StubNoRegisters_DebugBreak"
code-creation,Builtin,0x3ae5e67278e0,131,"LoadIC_DebugBreak"
code-creation,Builtin,0x3ae5e6727980,131,"KeyedLoadIC_DebugBreak"
code-creation,Builtin,0x3ae5e6727a20,133,"StoreIC_DebugBreak"
code-creation,Builtin,0x3ae5e6727ac0,133,"KeyedStoreIC_DebugBreak"
code-creation,Builtin,0x3ae5e6727b60,131,"Slot_DebugBreak"
code-creation,Builtin,0x3ae5e6727c00,65,"PlainReturn_LiveEdit"
code-creation,Builtin,0x3ae5e6727c60,105,"FrameDropper_LiveEdit"
code-creation,Script,0x3ae5e6727ce0,732,"native runtime.js",0x1e9dcb3d06b8,
code-creation,CallInitialize,0x3ae5e6728040,212,"args_count: 1"
code-creation,CallInitialize,0x3ae5e6728120,212,"args_count: 2"
code-creation,LazyCompile,0x3ae5e6728200,1700,"EQUALS native runtime.js:54",0x1e9dcb3cebf8,
code-creation,LazyCompile,0x3ae5e67288c0,344,"STRICT_EQUALS native runtime.js:100",0x1e9dcb3cec88,
code-creation,Stub,0x3ae5e6728a20,241,"StringCompareStub"
code-creation,Stub,0x3ae5e6728b20,145,"CompareICStub"
code-creation,LazyCompile,0x3ae5e6728bc0,964,"COMPARE native runtime.js:120",0x1e9dcb3ced18,
code-creation,Stub,0x3ae5e6728fa0,1356,"StringAddStub"
code-creation,LazyCompile,0x3ae5e6729500,616,"ADD native runtime.js:163",0x1e9dcb3ceda8,
code-creation,LazyCompile,0x3ae5e6729780,276,"SUB native runtime.js:214",0x1e9dcb3cef58,
code-creation,LazyCompile,0x3ae5e67298a0,276,"MUL native runtime.js:222",0x1e9dcb3cefe8,
code-creation,LazyCompile,0x3ae5e67299c0,276,"DIV native runtime.js:230",0x1e9dcb3cf078,
code-creation,LazyCompile,0x3ae5e6729ae0,276,"MOD native runtime.js:238",0x1e9dcb3cf108,
code-creation,LazyCompile,0x3ae5e6729c00,276,"BIT_OR native runtime.js:252",0x1e9dcb3cf198,
code-creation,LazyCompile,0x3ae5e6729d20,384,"BIT_AND native runtime.js:260",0x1e9dcb3cf228,
code-creation,LazyCompile,0x3ae5e6729ea0,276,"BIT_XOR native runtime.js:282",0x1e9dcb3cf2b8,
code-creation,LazyCompile,0x3ae5e672a040,216,"UNARY_MINUS native runtime.js:290",0x1e9dcb3cf348,
code-creation,LazyCompile,0x3ae5e672a120,216,"BIT_NOT native runtime.js:297",0x1e9dcb3cf3d8,
code-creation,LazyCompile,0x3ae5e672a200,276,"SHL native runtime.js:304",0x1e9dcb3cf468,
code-creation,LazyCompile,0x3ae5e672a320,384,"SAR native runtime.js:312",0x1e9dcb3cf4f8,
code-creation,LazyCompile,0x3ae5e672a4a0,276,"SHR native runtime.js:334",0x1e9dcb3cf588,
code-creation,LazyCompile,0x3ae5e672a5c0,204,"DELETE native runtime.js:348",0x1e9dcb3cf618,
code-creation,Stub,0x3ae5e672a6a0,236,"FastCloneShallowArrayStub"
code-creation,Stub,0x3ae5e672a7a0,90,"ToBooleanStub_None"
code-creation,LazyCompile,0x3ae5e672a800,528,"IN native runtime.js:354",0x1e9dcb3cf6a8,
code-creation,Stub,0x3ae5e672aa20,145,"CompareICStub"
code-creation,Stub,0x3ae5e672aac0,228,"FastCloneShallowArrayStub"
code-creation,LazyCompile,0x3ae5e672abc0,732,"INSTANCE_OF native runtime.js:367",0x1e9dcb3cf738,
code-creation,LazyCompile,0x3ae5e672aea0,144,"GET_KEYS native runtime.js:391",0x1e9dcb3cf7c8,
code-creation,LazyCompile,0x3ae5e672af40,204,"FILTER_KEY native runtime.js:399",0x1e9dcb3cf858,
code-creation,Stub,0x3ae5e672b020,131,"ArgumentsAccessStub_NewNonStrictSlow"
code-creation,LazyCompile,0x3ae5e672b0c0,432,"CALL_NON_FUNCTION native runtime.js:406",0x1e9dcb3cf8e8,
code-creation,LazyCompile,0x3ae5e672b280,432,"CALL_NON_FUNCTION_AS_CONSTRUCTOR native runtime.js:415",0x1e9dcb3cf978,
code-creation,Stub,0x3ae5e672b440,114,"BinaryOpStub_SUB_Alloc_Uninitialized"
code-creation,Stub,0x3ae5e672b4c0,185,"ArgumentsAccessStub_ReadElement"
code-creation,LazyCompile,0x3ae5e672b580,260,"CALL_FUNCTION_PROXY native runtime.js:424",0x1e9dcb3cfa08,
code-creation,Stub,0x3ae5e672b6a0,196,"FastNewContextStub"
code-creation,CallInitialize,0x3ae5e672b780,214,"args_count: 2"
code-creation,LazyCompile,0x3ae5e672b860,708,"CALL_FUNCTION_PROXY_AS_CONSTRUCTOR native runtime.js:432",0x1e9dcb3cfa98,
code-creation,LazyCompile,0x3ae5e672bb40,148,"TO_OBJECT native runtime.js:492",0x1e9dcb3cfc48,
code-creation,LazyCompile,0x3ae5e672bbe0,148,"TO_NUMBER native runtime.js:498",0x1e9dcb3cfcd8,
code-creation,LazyCompile,0x3ae5e672bc80,148,"TO_STRING native runtime.js:504",0x1e9dcb3cfd68,
code-creation,Stub,0x3ae5e672bd20,228,"NumberToStringStub"
code-creation,LazyCompile,0x3ae5e672c040,604,"STRING_ADD_LEFT native runtime.js:183",0x1e9dcb3cee38,
code-creation,LazyCompile,0x3ae5e672c2a0,616,"STRING_ADD_RIGHT native runtime.js:198",0x1e9dcb3ceec8,
code-creation,Stub,0x3ae5e672c520,145,"CompareICStub"
code-creation,Stub,0x3ae5e672c5c0,145,"CompareICStub"
code-creation,Stub,0x3ae5e672c660,145,"CompareICStub"
code-creation,Stub,0x3ae5e672c700,200,"FastCloneShallowArrayStub"
code-creation,LazyCompile,0x3ae5e672c7e0,1312,"APPLY_PREPARE native runtime.js:449",0x1e9dcb3cfb28,
code-creation,LazyCompile,0x3ae5e672cd00,204,"APPLY_OVERFLOW native runtime.js:486",0x1e9dcb3cfbb8,
code-creation,CallInitialize,0x3ae5e672cde0,211,"args_count: 0"
code-creation,CallInitialize,0x3ae5e672cec0,214,"args_count: 12"
code-creation,CallInitialize,0x3ae5e672cfa0,223,"args_count: 38"
code-creation,CallInitialize,0x3ae5e672d080,214,"args_count: 3"
code-creation,Script,0x3ae5e672d160,2488,"native v8natives.js",0x1e9dcb3d5dc8,
code-creation,CallPreMonomorphic,0x3ae5e672db20,211,"args_count: 0"
code-creation,CallInitialize,0x3ae5e672dc00,214,"args_count: 10"
code-creation,LazyCompile,0x3ae5e672dce0,592,"SetUpGlobal native v8natives.js:193",0x1e9dcb3d2ea0,
code-creation,CallPreMonomorphic,0x3ae5e672e040,214,"args_count: 10"
code-creation,CallPreMonomorphic,0x3ae5e672e120,214,"args_count: 3"
code-creation,Stub,0x3ae5e672e200,114,"BinaryOpStub_SAR_Alloc_Uninitialized"
code-creation,Stub,0x3ae5e672e280,114,"BinaryOpStub_ADD_Alloc_Uninitialized"
code-creation,LazyCompile,0x3ae5e672e300,556,"InstallFunctions native v8natives.js:48",0x1e9dcb3d2a20,
code-creation,Stub,0x3ae5e672e540,176,"CompareICStub"
code-creation,Stub,0x3ae5e672e600,270,"BinaryOpStub_SAR_Alloc_SMI"
code-creation,Stub,0x3ae5e672e720,176,"CompareICStub"
code-creation,Stub,0x3ae5e672e7e0,117,"KeyedLoadElementStub"
code-creation,KeyedLoadIC,0x3ae5e672e860,98,""
code-creation,KeyedLoadIC,0x3ae5e672e860,98,"args_count: 0"
code-creation,Stub,0x3ae5e672e8e0,270,"BinaryOpStub_ADD_Alloc_SMI"
code-creation,CallInitialize,0x3ae5e672ea00,214,"args_count: 1"
code-creation,LazyCompile,0x3ae5e672eae0,316,"$Object.constructor native v8natives.js:220",0x1e9dcb3d5120,
code-creation,LazyCompile,0x3ae5e672eae0,316,"$Object.constructor native v8natives.js:220",0x1e9dcb3d5120,
code-creation,CallPreMonomorphic,0x3ae5e672ec20,214,"args_count: 1"
code-creation,LazyCompile,0x3ae5e672ed00,440,"ToBoolean native runtime.js:527",0x1e9dcb3cfe88,
code-creation,StoreIC,0x3ae5e672eec0,173,"constructor"
code-creation,StoreIC,0x3ae5e672eec0,173,"constructor"
code-creation,CallPreMonomorphic,0x3ae5e672ef80,214,"args_count: 12"
code-creation,CallPreMonomorphic,0x3ae5e672f060,223,"args_count: 38"
code-creation,Stub,0x3ae5e672f140,114,"BinaryOpStub_ADD_OverwriteLeft_Uninitialized"
code-creation,Stub,0x3ae5e672f1c0,107,"ToNumberStub"
code-creation,LazyCompile,0x3ae5e672f240,836,"SetUpLockedPrototype native v8natives.js:79",0x1e9dcb3d2b40,
code-creation,Stub,0x3ae5e672f5a0,133,"ToBooleanStub_SpecObject"
code-creation,Stub,0x3ae5e672f640,270,"BinaryOpStub_ADD_OverwriteLeft_SMI"
code-creation,LazyCompile,0x3ae5e672f760,372,"a native v8natives.js:1171",0x1e9dcb3d5c60,
code-creation,LazyCompile,0x3ae5e672f760,372,"a native v8natives.js:1171",0x1e9dcb3d5c60,
code-creation,CallInitialize,0x3ae5e672f8e0,223,"args_count: 20"
code-creation,CallInitialize,0x3ae5e672f9c0,223,"args_count: 26"
code-creation,LazyCompile,0x3ae5e672faa0,1028,"SetUpObject native v8natives.js:1186",0x1e9dcb3d4820,
code-creation,CallPreMonomorphic,0x3ae5e672fec0,223,"args_count: 20"
code-creation,CallPreMonomorphic,0x3ae5e6730040,223,"args_count: 26"
code-creation,CallInitialize,0x3ae5e6730120,214,"args_count: 4"
code-creation,LazyCompile,0x3ae5e6730200,284,"SetUpBoolean native v8natives.js:1249",0x1e9dcb3d49d0,
code-creation,CallPreMonomorphic,0x3ae5e6730320,214,"args_count: 4"
code-creation,LazyCompile,0x3ae5e6730400,356,"b native v8natives.js:1264",0x1e9dcb3d5cf0,
code-creation,LazyCompile,0x3ae5e6730400,356,"b native v8natives.js:1264",0x1e9dcb3d5cf0,
code-creation,Stub,0x3ae5e6730580,159,"CompareICStub"
code-creation,LazyCompile,0x3ae5e6730620,456,"ToNumber native runtime.js:537",0x1e9dcb3cff18,
code-creation,LazyCompile,0x3ae5e6730800,1044,"SetUpNumber native v8natives.js:1372",0x1e9dcb3d4dc0,
code-creation,Stub,0x3ae5e6730c20,212,"CallFunctionStub_Args0"
code-creation,LazyCompile,0x3ae5e6730d00,904,"NewFunction native v8natives.js:1527",0x1e9dcb3d5000,
code-creation,LazyCompile,0x3ae5e6730d00,904,"NewFunction native v8natives.js:1527",0x1e9dcb3d5000,
code-creation,LazyCompile,0x3ae5e67310a0,284,"SetUpFunction native v8natives.js:1553",0x1e9dcb3d5090,
code-creation,Script,0x3ae5e67311c0,260,"native array.js",0x1e9dcb3d9438,
code-creation,Function,0x3ae5e67312e0,260,"getFunction native array.js:1330",0x1e9dcb3da2a8,
code-creation,Stub,0x3ae5e6731400,221,"FastNewClosureStub"
code-creation,Stub,0x3ae5e67314e0,218,"CallFunctionStub_Args2"
code-creation,Stub,0x3ae5e67315c0,218,"CallFunctionStub_Args3"
code-creation,CallInitialize,0x3ae5e67316a0,223,"args_count: 42"
code-creation,CallInitialize,0x3ae5e6731780,214,"args_count: 6"
code-creation,LazyCompile,0x3ae5e6732040,2376,"SetUpArray native array.js:1317",0x1e9dcb3d9360,
code-creation,CallPreMonomorphic,0x3ae5e67329a0,214,"args_count: 2"
code-creation,CallPreMonomorphic,0x3ae5e6732a80,212,"args_count: 1"
code-creation,LazyCompile,0x3ae5e6732b60,472,"hasOwnProperty native v8natives.js:264",0x1e9dcb3d30e0,
code-creation,Stub,0x3ae5e6732d40,119,"ToBooleanStub_Bool"
code-creation,CallMiss,0x3ae5e6732dc0,212,"args_count: 1"
code-creation,CallIC,0x3ae5e6732ea0,154,"hasOwnProperty"
code-creation,KeyedLoadIC,0x3ae5e6732f40,128,"push"
code-creation,KeyedLoadIC,0x3ae5e6732f40,128,"push"
code-creation,KeyedLoadIC,0x3ae5e6732fc0,128,"concat"
code-creation,KeyedLoadIC,0x3ae5e6732fc0,128,"concat"
code-creation,CallPreMonomorphic,0x3ae5e6733040,223,"args_count: 42"
code-creation,LazyCompile,0x3ae5e6733120,232,"InstallFunctionsOnHiddenPrototype native v8natives.js:67",0x1e9dcb3d2ab0,
code-creation,CallPreMonomorphic,0x3ae5e6733220,214,"args_count: 6"
code-creation,Stub,0x3ae5e6733300,200,"FastCloneShallowArrayStub"
code-creation,Script,0x3ae5e67333e0,904,"native string.js",0x1e9dcb3dcce8,
code-creation,LazyCompile,0x3ae5e6733780,408,"b native string.js:36",0x1e9dcb3dca60,
code-creation,LazyCompile,0x3ae5e6733780,408,"b native string.js:36",0x1e9dcb3dca60,
code-creation,CallInitialize,0x3ae5e6733920,223,"args_count: 70"
code-creation,LazyCompile,0x3ae5e6733a00,1536,"SetUpString native string.js:943",0x1e9dcb3dc9d0,
code-creation,CallPreMonomorphic,0x3ae5e6734040,223,"args_count: 70"
code-creation,LoadIC,0x3ae5e6734120,107,"$Object"
code-creation,LoadIC,0x3ae5e6734120,107,"$Object"
code-creation,CallMiss,0x3ae5e67341a0,214,"args_count: 3"
code-creation,CallIC,0x3ae5e6734280,148,"InstallFunctions"
code-creation,Script,0x3ae5e6734320,268,"native uri.js",0x1e9dcb3dec98,
code-creation,LazyCompile,0x3ae5e6734440,396,"SetUpUri native uri.js:395",0x1e9dcb3debc0,
code-creation,Script,0x3ae5e67345e0,616,"native math.js",0x1e9dcb3e0118,
code-creation,LazyCompile,0x3ae5e6734860,116,"MathConstructor native math.js:38",0x1e9dcb3df548,
code-creation,CallInitialize,0x3ae5e67348e0,223,"args_count: 36"
code-creation,LazyCompile,0x3ae5e67349c0,1480,"SetUpMath native math.js:198",0x1e9dcb3e0040,
code-creation,CallPreMonomorphic,0x3ae5e6734fa0,223,"args_count: 36"
code-creation,CallInitialize,0x3ae5e6735080,214,"args_count: 5"
code-creation,CallInitialize,0x3ae5e6735160,214,"args_count: 14"
code-creation,CallInitialize,0x3ae5e6735240,223,"args_count: 30"
code-creation,Script,0x3ae5e6735320,2520,"native messages.js",0x1e9dcb3e4e08,
code-creation,LazyCompile,0x3ae5e6735d00,184,"b native messages.js:124",0x1e9dcb3e4d30,
code-creation,LazyCompile,0x3ae5e6735d00,184,"b native messages.js:124",0x1e9dcb3e4d30,
code-creation,CallPreMonomorphic,0x3ae5e6735dc0,214,"args_count: 5"
code-creation,CallPreMonomorphic,0x3ae5e6735ea0,214,"args_count: 14"
code-creation,CallPreMonomorphic,0x3ae5e6736040,223,"args_count: 30"
code-creation,Stub,0x3ae5e6736120,218,"CallFunctionStub_Args1"
code-creation,LazyCompile,0x3ae5e6736200,428,"SetUpError native messages.js:1069",0x1e9dcb3e4b80,
code-creation,Function,0x3ae5e67363c0,116,"ErrorPrototype native messages.js:1088",0x1e9dcb3e67e8,
code-creation,Function,0x3ae5e6736440,204," native messages.js:1115",0x1e9dcb3e68c0,
code-creation,Function,0x3ae5e6736520,560," native messages.js:1104",0x1e9dcb3e6998,
code-creation,LazyCompile,0x3ae5e6736760,836,"DefineError native messages.js:1072",0x1e9dcb3e62e0,
code-creation,Stub,0x3ae5e6736ac0,1317,"StringAddStub"
code-creation,Stub,0x3ae5e6737000,172,"BinaryOpStub_ADD_Alloc_BothStrings"
code-creation,Stub,0x3ae5e67370c0,186,"CompareICStub"
code-creation,LazyCompile,0x3ae5e6736520,560," native messages.js:1104",0x1e9dcb3e6998,
code-creation,LoadIC,0x3ae5e6737180,107,"global"
code-creation,LoadIC,0x3ae5e6737180,107,"global"
code-creation,LoadIC,0x3ae5e6737200,107,"builtins"
code-creation,LoadIC,0x3ae5e6737200,107,"builtins"
code-creation,Stub,0x3ae5e6737280,534,"CompareStub_EQ_STRICT"
code-creation,Function,0x3ae5e67374a0,152," native messages.js:1063",0x1e9dcb3e6ad8,
code-creation,LazyCompile,0x3ae5e6737540,496,"captureStackTrace native messages.js:1054",0x1e9dcb3e4af0,
code-creation,Stub,0x3ae5e6737740,106,"ToBooleanStub_Undefined"
code-creation,LazyCompile,0x3ae5e6736520,560," native messages.js:1104",0x1e9dcb3e6998,
code-creation,LoadIC,0x3ae5e67377c0,107,"$Error"
code-creation,LoadIC,0x3ae5e67377c0,107,"$Error"
code-creation,LoadIC,0x3ae5e6737840,107,"kAddMessageAccessorsMarker"
code-creation,LoadIC,0x3ae5e6737840,107,"kAddMessageAccessorsMarker"
code-creation,CallMiss,0x3ae5e67378c0,214,"args_count: 2"
code-creation,CallIC,0x3ae5e67379a0,148,"captureStackTrace"
code-creation,LoadIC,0x3ae5e6737a40,162,""
code-creation,LoadIC,0x3ae5e6737a40,162,""
code-creation,LazyCompile,0x3ae5e6736520,560," native messages.js:1104",0x1e9dcb3e6998,
code-creation,LazyCompile,0x3ae5e6736520,560," native messages.js:1104",0x1e9dcb3e6998,
code-creation,LazyCompile,0x3ae5e6736520,560," native messages.js:1104",0x1e9dcb3e6998,
code-creation,LazyCompile,0x3ae5e6736520,560," native messages.js:1104",0x1e9dcb3e6998,
code-creation,LazyCompile,0x3ae5e6736520,560," native messages.js:1104",0x1e9dcb3e6998,
code-creation,LazyCompile,0x3ae5e6737b00,168,"MakeRangeError native messages.js:297",0x1e9dcb3e33b8,
code-creation,LazyCompile,0x3ae5e6737bc0,280,"MakeGenericError native messages.js:107",0x1e9dcb3e30e8,
code-creation,Stub,0x3ae5e6737ce0,211,"FastNewContextStub"
code-creation,Function,0x3ae5e6737dc0,352,"getter native messages.js:733",0x1e9dcb3e6d28,
code-creation,Function,0x3ae5e6738040,276,"setter native messages.js:741",0x1e9dcb3e6e00,
code-creation,LazyCompile,0x3ae5e6738160,576,"DefineOneShotAccessor native messages.js:727",0x1e9dcb3e3e68,
code-creation,StoreIC,0x3ae5e67383a0,169,"get"
code-creation,StoreIC,0x3ae5e67383a0,169,"get"
code-creation,StoreIC,0x3ae5e6738460,169,"set"
code-creation,StoreIC,0x3ae5e6738460,169,"set"
code-creation,LazyCompile,0x3ae5e6738520,1836,"ToPropertyDescriptor native v8natives.js:432",0x1e9dcb3d38c0,
code-creation,LazyCompile,0x3ae5e6738c60,448,"PropertyDescriptor native v8natives.js:494",0x1e9dcb3d39e0,
code-creation,LazyCompile,0x3ae5e6738e20,408,"ToString native runtime.js:560",0x1e9dcb3d00d0,
code-creation,LazyCompile,0x3ae5e6738fc0,168,"$Array.writable_ native v8natives.js:538",0x1e9dcb3d53f0,
code-creation,StoreIC,0x3ae5e6739080,169,"enumerable_"
code-creation,StoreIC,0x3ae5e6739080,169,"enumerable_"
code-creation,StoreIC,0x3ae5e6739140,169,"hasEnumerable_"
code-creation,StoreIC,0x3ae5e6739140,169,"hasEnumerable_"
code-creation,CallIC,0x3ae5e6739200,147,"ToString"
code-creation,LazyCompile,0x3ae5e67392a0,168,"$Array.get_ native v8natives.js:558",0x1e9dcb3d5750,
code-creation,StoreIC,0x3ae5e6739360,169,"configurable_"
code-creation,StoreIC,0x3ae5e6739360,169,"configurable_"
code-creation,StoreIC,0x3ae5e6739420,169,"hasConfigurable_"
code-creation,StoreIC,0x3ae5e6739420,169,"hasConfigurable_"
code-creation,Stub,0x3ae5e67394e0,186,"CompareICStub"
code-creation,LazyCompile,0x3ae5e67395a0,168,"$Array.set_ native v8natives.js:568",0x1e9dcb3d5900,
code-creation,StoreIC,0x3ae5e6739660,169,"get_"
code-creation,StoreIC,0x3ae5e6739660,169,"get_"
code-creation,StoreIC,0x3ae5e6739720,169,"hasGetter_"
code-creation,StoreIC,0x3ae5e6739720,169,"hasGetter_"
code-creation,LazyCompile,0x3ae5e67397e0,168,"d native v8natives.js:578",0x1e9dcb3d5ab0,
code-creation,StoreIC,0x3ae5e67398a0,169,"set_"
code-creation,StoreIC,0x3ae5e67398a0,169,"set_"
code-creation,StoreIC,0x3ae5e6739960,169,"hasSetter_"
code-creation,StoreIC,0x3ae5e6739960,169,"hasSetter_"
code-creation,LazyCompile,0x3ae5e6739a20,196,"IsInconsistentDescriptor native v8natives.js:379",0x1e9dcb3d3710,
code-creation,CallInitialize,0x3ae5e6739b00,209,"args_count: 0"
code-creation,LazyCompile,0x3ae5e6739be0,236,"IsAccessorDescriptor native v8natives.js:360",0x1e9dcb3d3560,
code-creation,CallPreMonomorphic,0x3ae5e6739ce0,209,"args_count: 0"
code-creation,LazyCompile,0x3ae5e6739dc0,140,"$Array.set_ native v8natives.js:575",0x1e9dcb3d5a20,
code-creation,LazyCompile,0x3ae5e6739e60,236,"IsDataDescriptor native v8natives.js:367",0x1e9dcb3d35f0,
code-creation,LazyCompile,0x3ae5e6739f60,140,"$Array.enumerable_ native v8natives.js:535",0x1e9dcb3d5360,
code-creation,LazyCompile,0x3ae5e673a040,140,"$Array.configurable_ native v8natives.js:555",0x1e9dcb3d56c0,
code-creation,Stub,0x3ae5e673a0e0,114,"BinaryOpStub_BIT_OR_Alloc_Uninitialized"
code-creation,LazyCompile,0x3ae5e673a160,5068,"DefineOwnProperty native v8natives.js:692",0x1e9dcb3d3e60,
code-creation,LazyCompile,0x3ae5e673b540,496,"ToObject native runtime.js:577",0x1e9dcb3d01f0,
code-creation,LazyCompile,0x3ae5e673b740,524,"ConvertDescriptorArrayToDescriptor native v8natives.js:593",0x1e9dcb3d3a70,
code-creation,LazyCompile,0x3ae5e673b960,140,"$Array.writable_ native v8natives.js:545",0x1e9dcb3d5510,
code-creation,LazyCompile,0x3ae5e673ba00,140,"$Array.writable_ native v8natives.js:542",0x1e9dcb3d5480,
code-creation,Stub,0x3ae5e673baa0,255,"BinaryOpStub_BIT_OR_Alloc_SMI"
code-creation,LazyCompile,0x3ae5e673bba0,140,"$Array.get_ native v8natives.js:562",0x1e9dcb3d57e0,
code-creation,LazyCompile,0x3ae5e673bc40,140,"$Array.get_ native v8natives.js:565",0x1e9dcb3d5870,
code-creation,CallMiss,0x3ae5e673bce0,209,"args_count: 0"
code-creation,CallIC,0x3ae5e673bdc0,197,"hasValue"
code-creation,LoadIC,0x3ae5e673bea0,102,"hasValue_"
code-creation,LoadIC,0x3ae5e673bea0,102,"hasValue_"
code-creation,CallIC,0x3ae5e673bf20,197,"hasWritable"
code-creation,LoadIC,0x3ae5e673c040,102,"hasWritable_"
code-creation,LoadIC,0x3ae5e673c040,102,"hasWritable_"
code-creation,LazyCompile,0x3ae5e673c0c0,220,"IsGenericDescriptor native v8natives.js:374",0x1e9dcb3d3680,
code-creation,CallIC,0x3ae5e673c1a0,200,"hasGetter"
code-creation,LoadIC,0x3ae5e673c280,102,"hasGetter_"
code-creation,LoadIC,0x3ae5e673c280,102,"hasGetter_"
code-creation,CallMiss,0x3ae5e673c300,214,"args_count: 1"
code-creation,CallIC,0x3ae5e673c3e0,148,"IsAccessorDescriptor"
code-creation,LazyCompile,0x3ae5e673c480,140,"$Array.set_ native v8natives.js:572",0x1e9dcb3d5990,
code-creation,LazyCompile,0x3ae5e673c520,140," native v8natives.js:585",0x1e9dcb3d5bd0,
code-creation,LazyCompile,0x3ae5e673c5c0,140,"d native v8natives.js:582",0x1e9dcb3d5b40,
code-creation,LoadIC,0x3ae5e673c660,162,""
code-creation,LoadIC,0x3ae5e673c660,162,""
code-creation,StoreIC,0x3ae5e673c720,173,"type"
code-creation,StoreIC,0x3ae5e673c720,173,"type"
code-creation,StoreIC,0x3ae5e673c7e0,173,"arguments"
code-creation,StoreIC,0x3ae5e673c7e0,173,"arguments"
code-creation,Script,0x3ae5e673c8a0,288,"native apinatives.js",0x1e9dcb3e7af8,
code-creation,Stub,0x3ae5e673c9c0,244,"FastCloneShallowArrayStub"
code-creation,Script,0x3ae5e673cac0,1628,"native date.js",0x1e9dcb3eb5e8,
code-creation,StoreIC,0x3ae5e673d120,169,"time"
code-creation,StoreIC,0x3ae5e673d120,169,"time"
code-creation,StoreIC,0x3ae5e673d1e0,169,"year"
code-creation,StoreIC,0x3ae5e673d1e0,169,"year"
code-creation,Stub,0x3ae5e673d2a0,145,"CompareICStub"
code-creation,LazyCompile,0x3ae5e673d340,1824,"WeekDays native date.js:398",0x1e9dcb3eb510,
code-creation,LazyCompile,0x3ae5e673d340,1824,"WeekDays native date.js:398",0x1e9dcb3eb510,
code-creation,LazyCompile,0x3ae5e673da60,336,"TimeClip native date.js:378",0x1e9dcb3e9338,
code-creation,LazyCompile,0x3ae5e673dbc0,440,"isFinite native v8natives.js:115",0x1e9dcb3d2c60,
code-creation,Stub,0x3ae5e673dd80,487,"CompareStub_EQ"
code-creation,Stub,0x3ae5e673e040,215,"CompareICStub"
code-creation,CallInitialize,0x3ae5e673e120,223,"args_count: 92"
code-creation,LazyCompile,0x3ae5e673e200,1952,"SetUpDate native date.js:1051",0x1e9dcb3eb480,
code-creation,CallPreMonomorphic,0x3ae5e673e9a0,223,"args_count: 92"
code-creation,Script,0x3ae5e673ea80,472,"native regexp.js",0x1e9dcb3edbb8,
code-creation,Function,0x3ae5e673ec60,212,"RegExpGetInput native regexp.js:428",0x1e9dcb3ee238,
code-creation,Function,0x3ae5e673ed40,176,"RegExpSetInput native regexp.js:432",0x1e9dcb3ee310,
code-creation,Function,0x3ae5e673ee00,128,"RegExpGetMultiline native regexp.js:452",0x1e9dcb3ee3e0,
code-creation,Function,0x3ae5e673ee80,236,"RegExpSetMultiline native regexp.js:453",0x1e9dcb3ee4b8,
code-creation,Function,0x3ae5e673ef80,116,"NoOpSetter native regexp.js:461",0x1e9dcb3ee590,
code-creation,CallInitialize,0x3ae5e673f000,214,"args_count: 8"
code-creation,LazyCompile,0x3ae5e673f0e0,3152,"SetUpRegExp native regexp.js:408",0x1e9dcb3edae0,
code-creation,LazyCompile,0x3ae5e673fd40,308,"RegExpConstructor native regexp.js:86",0x1e9dcb3ed390,
code-creation,LazyCompile,0x3ae5e673fd40,308,"RegExpConstructor native regexp.js:86",0x1e9dcb3ed390,
code-creation,CallPreMonomorphic,0x3ae5e673fe80,214,"args_count: 8"
code-creation,Stub,0x3ae5e6740040,1549,"StringAddStub"
code-creation,Stub,0x3ae5e6740660,1546,"StringAddStub"
code-creation,Stub,0x3ae5e6740c80,171,"BinaryOpStub_ADD_Alloc_Strings"
code-creation,CallPreMonomorphic,0x3ae5e6740d40,212,"args_count: 2"
code-creation,LazyCompile,0x3ae5e6740e20,448,"ToPrimitive native runtime.js:516",0x1e9dcb3cfdf8,
code-creation,Stub,0x3ae5e6740fe0,114,"BinaryOpStub_MUL_Alloc_Uninitialized"
code-creation,Stub,0x3ae5e6741060,114,"BinaryOpStub_ADD_OverwriteRight_Uninitialized"
code-creation,Function,0x3ae5e67410e0,588," native regexp.js:371",0x1e9dcb3ee938,
code-creation,LazyCompile,0x3ae5e6741340,220,"RegExpMakeCaptureGetter native regexp.js:370",0x1e9dcb3eda50,
code-creation,CallMiss,0x3ae5e6741420,212,"args_count: 2"
code-creation,CallIC,0x3ae5e6741500,147,"ToPrimitive"
code-creation,LoadIC,0x3ae5e67415a0,107,"$RegExp"
code-creation,LoadIC,0x3ae5e67415a0,107,"$RegExp"
code-creation,CallIC,0x3ae5e6741620,148,"RegExpMakeCaptureGetter"
code-creation,Script,0x3ae5e67416c0,264,"native json.js",0x1e9dcb3ef298,
code-creation,LazyCompile,0x3ae5e67417e0,268,"SetUpJSON native json.js:340",0x1e9dcb3ef1c0,
code-delete,0x3ae5e672e860
code-delete,0x3ae5e672eec0
code-delete,0x3ae5e6732ea0
code-delete,0x3ae5e6732f40
code-delete,0x3ae5e6732fc0
code-delete,0x3ae5e6734120
code-delete,0x3ae5e6734280
code-delete,0x3ae5e6737180
code-delete,0x3ae5e6737200
code-delete,0x3ae5e67377c0
code-delete,0x3ae5e6737840
code-delete,0x3ae5e67379a0
code-delete,0x3ae5e6737a40
code-delete,0x3ae5e67383a0
code-delete,0x3ae5e6738460
code-delete,0x3ae5e6739080
code-delete,0x3ae5e6739140
code-delete,0x3ae5e6739200
code-delete,0x3ae5e6739360
code-delete,0x3ae5e6739420
code-delete,0x3ae5e6739660
code-delete,0x3ae5e6739720
code-delete,0x3ae5e67398a0
code-delete,0x3ae5e6739960
code-delete,0x3ae5e673bdc0
code-delete,0x3ae5e673bea0
code-delete,0x3ae5e673bf20
code-delete,0x3ae5e673c040
code-delete,0x3ae5e673c1a0
code-delete,0x3ae5e673c280
code-delete,0x3ae5e673c3e0
code-delete,0x3ae5e673c660
code-delete,0x3ae5e673c720
code-delete,0x3ae5e673c7e0
code-delete,0x3ae5e673d120
code-delete,0x3ae5e673d1e0
code-delete,0x3ae5e6741500
code-delete,0x3ae5e67415a0
code-delete,0x3ae5e6741620
sfi-move,0x1e9dcb3ccc70,0x1e9dcb3ccc70
sfi-move,0x1e9dcb3ccd60,0x1e9dcb3ccd60
sfi-move,0x1e9dcb3ccee8,0x1e9dcb3ccee8
sfi-move,0x1e9dcb3ccfc0,0x1e9dcb3ccfc0
sfi-move,0x1e9dcb3cd0c8,0x1e9dcb3cd0c8
sfi-move,0x1e9dcb3cd1c0,0x1e9dcb3cd1c0
sfi-move,0x1e9dcb3cd298,0x1e9dcb3cd298
sfi-move,0x1e9dcb3cd370,0x1e9dcb3cd370
sfi-move,0x1e9dcb3cd448,0x1e9dcb3cd448
sfi-move,0x1e9dcb3cd520,0x1e9dcb3cd520
sfi-move,0x1e9dcb3cd5f8,0x1e9dcb3cd5f8
sfi-move,0x1e9dcb3cd6d0,0x1e9dcb3cd6d0
sfi-move,0x1e9dcb3cd7a8,0x1e9dcb3cd7a8
sfi-move,0x1e9dcb3cd898,0x1e9dcb3cd898
sfi-move,0x1e9dcb3cd9b0,0x1e9dcb3cd9b0
sfi-move,0x1e9dcb3cda88,0x1e9dcb3cda88
sfi-move,0x1e9dcb3cdb60,0x1e9dcb3cdb60
sfi-move,0x1e9dcb3ce040,0x1e9dcb3ce040
sfi-move,0x1e9dcb3ce348,0x1e9dcb3ce348
sfi-move,0x1e9dcb3ce420,0x1e9dcb3ce420
sfi-move,0x1e9dcb3ce580,0x1e9dcb3ce580
sfi-move,0x1e9dcb3ce670,0x1e9dcb3ce670
sfi-move,0x1e9dcb3cebf8,0x1e9dcb3ceb40
sfi-move,0x1e9dcb3cec88,0x1e9dcb3cebd0
sfi-move,0x1e9dcb3ced18,0x1e9dcb3cec60
sfi-move,0x1e9dcb3ceda8,0x1e9dcb3cecf0
sfi-move,0x1e9dcb3cee38,0x1e9dcb3ced80
sfi-move,0x1e9dcb3ceec8,0x1e9dcb3cee10
sfi-move,0x1e9dcb3cef58,0x1e9dcb3ceea0
sfi-move,0x1e9dcb3cefe8,0x1e9dcb3cef30
sfi-move,0x1e9dcb3cf078,0x1e9dcb3cefc0
sfi-move,0x1e9dcb3cf108,0x1e9dcb3cf050
sfi-move,0x1e9dcb3cf198,0x1e9dcb3cf0e0
sfi-move,0x1e9dcb3cf228,0x1e9dcb3cf170
sfi-move,0x1e9dcb3cf2b8,0x1e9dcb3cf200
sfi-move,0x1e9dcb3cf348,0x1e9dcb3cf290
sfi-move,0x1e9dcb3cf3d8,0x1e9dcb3cf320
sfi-move,0x1e9dcb3cf468,0x1e9dcb3cf3b0
sfi-move,0x1e9dcb3cf4f8,0x1e9dcb3cf440
sfi-move,0x1e9dcb3cf588,0x1e9dcb3cf4d0
sfi-move,0x1e9dcb3cf618,0x1e9dcb3cf560
sfi-move,0x1e9dcb3cf6a8,0x1e9dcb3cf5f0
sfi-move,0x1e9dcb3cf738,0x1e9dcb3cf680
sfi-move,0x1e9dcb3cf7c8,0x1e9dcb3cf710
sfi-move,0x1e9dcb3cf858,0x1e9dcb3cf7a0
sfi-move,0x1e9dcb3cf8e8,0x1e9dcb3cf830
sfi-move,0x1e9dcb3cf978,0x1e9dcb3cf8c0
sfi-move,0x1e9dcb3cfa08,0x1e9dcb3cf950
sfi-move,0x1e9dcb3cfa98,0x1e9dcb3cf9e0
sfi-move,0x1e9dcb3cfb28,0x1e9dcb3cfa70
sfi-move,0x1e9dcb3cfbb8,0x1e9dcb3cfb00
sfi-move,0x1e9dcb3cfc48,0x1e9dcb3cfb90
sfi-move,0x1e9dcb3cfcd8,0x1e9dcb3cfc20
sfi-move,0x1e9dcb3cfd68,0x1e9dcb3cfcb0
sfi-move,0x1e9dcb3cfdf8,0x1e9dcb3cfd40
sfi-move,0x1e9dcb3cfe88,0x1e9dcb3cfdd0
sfi-move,0x1e9dcb3cff18,0x1e9dcb3cfe60
sfi-move,0x1e9dcb3d0040,0x1e9dcb3cfef0
sfi-move,0x1e9dcb3d00d0,0x1e9dcb3d0040
sfi-move,0x1e9dcb3d0160,0x1e9dcb3d00d0
sfi-move,0x1e9dcb3d01f0,0x1e9dcb3d0160
sfi-move,0x1e9dcb3d0280,0x1e9dcb3d01f0
sfi-move,0x1e9dcb3d0310,0x1e9dcb3d0280
sfi-move,0x1e9dcb3d03a0,0x1e9dcb3d0310
sfi-move,0x1e9dcb3d0430,0x1e9dcb3d03a0
sfi-move,0x1e9dcb3d04c0,0x1e9dcb3d0430
sfi-move,0x1e9dcb3d0550,0x1e9dcb3d04c0
sfi-move,0x1e9dcb3d05e0,0x1e9dcb3d0550
sfi-move,0x1e9dcb3d06b8,0x1e9dcb3d0628
sfi-move,0x1e9dcb3d2a20,0x1e9dcb3d2520
sfi-move,0x1e9dcb3d2ab0,0x1e9dcb3d25b0
sfi-move,0x1e9dcb3d2b40,0x1e9dcb3d2640
sfi-move,0x1e9dcb3d2bd0,0x1e9dcb3d26d0
sfi-move,0x1e9dcb3d2c60,0x1e9dcb3d2760
sfi-move,0x1e9dcb3d2cf0,0x1e9dcb3d27f0
sfi-move,0x1e9dcb3d2d80,0x1e9dcb3d2880
sfi-move,0x1e9dcb3d2e10,0x1e9dcb3d2910
sfi-move,0x1e9dcb3d2ea0,0x1e9dcb3d29a0
sfi-move,0x1e9dcb3d2f30,0x1e9dcb3d2a30
sfi-move,0x1e9dcb3d2fc0,0x1e9dcb3d2ac0
sfi-move,0x1e9dcb3d3050,0x1e9dcb3d2b50
sfi-move,0x1e9dcb3d30e0,0x1e9dcb3d2be0
sfi-move,0x1e9dcb3d3170,0x1e9dcb3d2c70
sfi-move,0x1e9dcb3d3200,0x1e9dcb3d2d00
sfi-move,0x1e9dcb3d3290,0x1e9dcb3d2d90
sfi-move,0x1e9dcb3d3320,0x1e9dcb3d2e20
sfi-move,0x1e9dcb3d33b0,0x1e9dcb3d2eb0
sfi-move,0x1e9dcb3d3440,0x1e9dcb3d2f40
sfi-move,0x1e9dcb3d34d0,0x1e9dcb3d2fd0
sfi-move,0x1e9dcb3d3560,0x1e9dcb3d3060
sfi-move,0x1e9dcb3d35f0,0x1e9dcb3d30f0
sfi-move,0x1e9dcb3d3680,0x1e9dcb3d3180
sfi-move,0x1e9dcb3d3710,0x1e9dcb3d3210
sfi-move,0x1e9dcb3d37a0,0x1e9dcb3d32a0
sfi-move,0x1e9dcb3d3830,0x1e9dcb3d3330
sfi-move,0x1e9dcb3d38c0,0x1e9dcb3d33c0
sfi-move,0x1e9dcb3d3950,0x1e9dcb3d3450
sfi-move,0x1e9dcb3d39e0,0x1e9dcb3d34e0
sfi-move,0x1e9dcb3d3a70,0x1e9dcb3d3570
sfi-move,0x1e9dcb3d3b00,0x1e9dcb3d3600
sfi-move,0x1e9dcb3d3b90,0x1e9dcb3d3690
sfi-move,0x1e9dcb3d3c20,0x1e9dcb3d3720
sfi-move,0x1e9dcb3d3cb0,0x1e9dcb3d37b0
sfi-move,0x1e9dcb3d3d40,0x1e9dcb3d3840
sfi-move,0x1e9dcb3d3dd0,0x1e9dcb3d38d0
sfi-move,0x1e9dcb3d3e60,0x1e9dcb3d3960
sfi-move,0x1e9dcb3d3ef0,0x1e9dcb3d39f0
sfi-move,0x1e9dcb3d4040,0x1e9dcb3d3a80
sfi-move,0x1e9dcb3d40d0,0x1e9dcb3d3b10
sfi-move,0x1e9dcb3d4160,0x1e9dcb3d3ba0
sfi-move,0x1e9dcb3d41f0,0x1e9dcb3d3c30
sfi-move,0x1e9dcb3d4280,0x1e9dcb3d3cc0
sfi-move,0x1e9dcb3d4310,0x1e9dcb3d3d50
sfi-move,0x1e9dcb3d43a0,0x1e9dcb3d3de0
sfi-move,0x1e9dcb3d4430,0x1e9dcb3d3e70
sfi-move,0x1e9dcb3d44c0,0x1e9dcb3d3f00
sfi-move,0x1e9dcb3d4550,0x1e9dcb3d4040
sfi-move,0x1e9dcb3d45e0,0x1e9dcb3d40d0
sfi-move,0x1e9dcb3d4670,0x1e9dcb3d4160
sfi-move,0x1e9dcb3d4700,0x1e9dcb3d41f0
sfi-move,0x1e9dcb3d4790,0x1e9dcb3d4280
sfi-move,0x1e9dcb3d4820,0x1e9dcb3d4310
sfi-move,0x1e9dcb3d48b0,0x1e9dcb3d43a0
sfi-move,0x1e9dcb3d4940,0x1e9dcb3d4430
sfi-move,0x1e9dcb3d49d0,0x1e9dcb3d44c0
sfi-move,0x1e9dcb3d4a60,0x1e9dcb3d4550
sfi-move,0x1e9dcb3d4af0,0x1e9dcb3d45e0
sfi-move,0x1e9dcb3d4b80,0x1e9dcb3d4670
sfi-move,0x1e9dcb3d4c10,0x1e9dcb3d4700
sfi-move,0x1e9dcb3d4ca0,0x1e9dcb3d4790
sfi-move,0x1e9dcb3d4d30,0x1e9dcb3d4820
sfi-move,0x1e9dcb3d4dc0,0x1e9dcb3d48b0
sfi-move,0x1e9dcb3d4e50,0x1e9dcb3d4940
sfi-move,0x1e9dcb3d4ee0,0x1e9dcb3d49d0
sfi-move,0x1e9dcb3d4f70,0x1e9dcb3d4a60
sfi-move,0x1e9dcb3d5000,0x1e9dcb3d4af0
sfi-move,0x1e9dcb3d5090,0x1e9dcb3d4b80
sfi-move,0x1e9dcb3d5120,0x1e9dcb3d4c10
sfi-move,0x1e9dcb3d51b0,0x1e9dcb3d4ca0
sfi-move,0x1e9dcb3d5240,0x1e9dcb3d4d30
sfi-move,0x1e9dcb3d52d0,0x1e9dcb3d4dc0
sfi-move,0x1e9dcb3d5360,0x1e9dcb3d4e50
sfi-move,0x1e9dcb3d53f0,0x1e9dcb3d4ee0
sfi-move,0x1e9dcb3d5480,0x1e9dcb3d4f70
sfi-move,0x1e9dcb3d5510,0x1e9dcb3d5000
sfi-move,0x1e9dcb3d55a0,0x1e9dcb3d5090
sfi-move,0x1e9dcb3d5630,0x1e9dcb3d5120
sfi-move,0x1e9dcb3d56c0,0x1e9dcb3d51b0
sfi-move,0x1e9dcb3d5750,0x1e9dcb3d5240
sfi-move,0x1e9dcb3d57e0,0x1e9dcb3d52d0
sfi-move,0x1e9dcb3d5870,0x1e9dcb3d5360
sfi-move,0x1e9dcb3d5900,0x1e9dcb3d53f0
sfi-move,0x1e9dcb3d5990,0x1e9dcb3d5480
sfi-move,0x1e9dcb3d5a20,0x1e9dcb3d5510
sfi-move,0x1e9dcb3d5ab0,0x1e9dcb3d55a0
sfi-move,0x1e9dcb3d5b40,0x1e9dcb3d5630
sfi-move,0x1e9dcb3d5bd0,0x1e9dcb3d56c0
sfi-move,0x1e9dcb3d5c60,0x1e9dcb3d5750
sfi-move,0x1e9dcb3d5cf0,0x1e9dcb3d57e0
sfi-move,0x1e9dcb3d5dc8,0x1e9dcb3d58b8
sfi-move,0x1e9dcb3d8040,0x1e9dcb3d77e0
sfi-move,0x1e9dcb3d80d0,0x1e9dcb3d7870
sfi-move,0x1e9dcb3d8160,0x1e9dcb3d7900
sfi-move,0x1e9dcb3d81f0,0x1e9dcb3d7990
sfi-move,0x1e9dcb3d8280,0x1e9dcb3d7a20
sfi-move,0x1e9dcb3d8310,0x1e9dcb3d7ab0
sfi-move,0x1e9dcb3d83a0,0x1e9dcb3d7b40
sfi-move,0x1e9dcb3d8430,0x1e9dcb3d7bd0
sfi-move,0x1e9dcb3d84c0,0x1e9dcb3d7c60
sfi-move,0x1e9dcb3d8550,0x1e9dcb3d7cf0
sfi-move,0x1e9dcb3d85e0,0x1e9dcb3d7d80
sfi-move,0x1e9dcb3d8670,0x1e9dcb3d7e10
sfi-move,0x1e9dcb3d8700,0x1e9dcb3d7ea0
sfi-move,0x1e9dcb3d8790,0x1e9dcb3d7f30
sfi-move,0x1e9dcb3d8820,0x1e9dcb3d8040
sfi-move,0x1e9dcb3d88b0,0x1e9dcb3d80d0
sfi-move,0x1e9dcb3d8940,0x1e9dcb3d8160
sfi-move,0x1e9dcb3d89d0,0x1e9dcb3d81f0
sfi-move,0x1e9dcb3d8a60,0x1e9dcb3d8280
sfi-move,0x1e9dcb3d8af0,0x1e9dcb3d8310
sfi-move,0x1e9dcb3d8b80,0x1e9dcb3d83a0
sfi-move,0x1e9dcb3d8c10,0x1e9dcb3d8430
sfi-move,0x1e9dcb3d8ca0,0x1e9dcb3d84c0
sfi-move,0x1e9dcb3d8d30,0x1e9dcb3d8550
sfi-move,0x1e9dcb3d8dc0,0x1e9dcb3d85e0
sfi-move,0x1e9dcb3d8e50,0x1e9dcb3d8670
sfi-move,0x1e9dcb3d8ee0,0x1e9dcb3d8700
sfi-move,0x1e9dcb3d8f70,0x1e9dcb3d8790
sfi-move,0x1e9dcb3d9000,0x1e9dcb3d8820
sfi-move,0x1e9dcb3d9090,0x1e9dcb3d88b0
sfi-move,0x1e9dcb3d9120,0x1e9dcb3d8940
sfi-move,0x1e9dcb3d91b0,0x1e9dcb3d89d0
sfi-move,0x1e9dcb3d9240,0x1e9dcb3d8a60
sfi-move,0x1e9dcb3d92d0,0x1e9dcb3d8af0
sfi-move,0x1e9dcb3d9360,0x1e9dcb3d8b80
sfi-move,0x1e9dcb3d9438,0x1e9dcb3d8c58
sfi-move,0x1e9dcb3da2a8,0x1e9dcb3d9a20
sfi-move,0x1e9dcb3da390,0x1e9dcb3d9b08
sfi-move,0x1e9dcb3da468,0x1e9dcb3d9be0
sfi-move,0x1e9dcb3da540,0x1e9dcb3d9cb8
sfi-move,0x1e9dcb3da618,0x1e9dcb3d9d90
sfi-move,0x1e9dcb3da6f0,0x1e9dcb3d9e68
sfi-move,0x1e9dcb3da7c8,0x1e9dcb3d9f40
sfi-move,0x1e9dcb3da8a0,0x1e9dcb3da088
sfi-move,0x1e9dcb3db068,0x1e9dcb3da5c8
sfi-move,0x1e9dcb3db0f8,0x1e9dcb3da658
sfi-move,0x1e9dcb3db188,0x1e9dcb3da6e8
sfi-move,0x1e9dcb3db218,0x1e9dcb3da778
sfi-move,0x1e9dcb3db2a8,0x1e9dcb3da808
sfi-move,0x1e9dcb3db338,0x1e9dcb3da898
sfi-move,0x1e9dcb3db3c8,0x1e9dcb3da928
sfi-move,0x1e9dcb3db458,0x1e9dcb3da9b8
sfi-move,0x1e9dcb3db4e8,0x1e9dcb3daa48
sfi-move,0x1e9dcb3db578,0x1e9dcb3daad8
sfi-move,0x1e9dcb3db608,0x1e9dcb3dab68
sfi-move,0x1e9dcb3db698,0x1e9dcb3dabf8
sfi-move,0x1e9dcb3db728,0x1e9dcb3dac88
sfi-move,0x1e9dcb3db7b8,0x1e9dcb3dad18
sfi-move,0x1e9dcb3db848,0x1e9dcb3dada8
sfi-move,0x1e9dcb3db8d8,0x1e9dcb3dae38
sfi-move,0x1e9dcb3db968,0x1e9dcb3daec8
sfi-move,0x1e9dcb3db9f8,0x1e9dcb3daf58
sfi-move,0x1e9dcb3dba88,0x1e9dcb3dafe8
sfi-move,0x1e9dcb3dbb18,0x1e9dcb3db078
sfi-move,0x1e9dcb3dbba8,0x1e9dcb3db108
sfi-move,0x1e9dcb3dbc38,0x1e9dcb3db198
sfi-move,0x1e9dcb3dbcc8,0x1e9dcb3db228
sfi-move,0x1e9dcb3dbd58,0x1e9dcb3db2b8
sfi-move,0x1e9dcb3dbde8,0x1e9dcb3db348
sfi-move,0x1e9dcb3dbe78,0x1e9dcb3db3d8
sfi-move,0x1e9dcb3dbf08,0x1e9dcb3db468
sfi-move,0x1e9dcb3dc040,0x1e9dcb3db4f8
sfi-move,0x1e9dcb3dc0d0,0x1e9dcb3db588
sfi-move,0x1e9dcb3dc160,0x1e9dcb3db618
sfi-move,0x1e9dcb3dc1f0,0x1e9dcb3db6a8
sfi-move,0x1e9dcb3dc280,0x1e9dcb3db738
sfi-move,0x1e9dcb3dc310,0x1e9dcb3db7c8
sfi-move,0x1e9dcb3dc3a0,0x1e9dcb3db858
sfi-move,0x1e9dcb3dc430,0x1e9dcb3db8e8
sfi-move,0x1e9dcb3dc4c0,0x1e9dcb3db978
sfi-move,0x1e9dcb3dc550,0x1e9dcb3dba08
sfi-move,0x1e9dcb3dc5e0,0x1e9dcb3dba98
sfi-move,0x1e9dcb3dc670,0x1e9dcb3dbb28
sfi-move,0x1e9dcb3dc700,0x1e9dcb3dbbb8
sfi-move,0x1e9dcb3dc790,0x1e9dcb3dbc48
sfi-move,0x1e9dcb3dc820,0x1e9dcb3dbcd8
sfi-move,0x1e9dcb3dc8b0,0x1e9dcb3dbd68
sfi-move,0x1e9dcb3dc940,0x1e9dcb3dbdf8
sfi-move,0x1e9dcb3dc9d0,0x1e9dcb3dbe88
sfi-move,0x1e9dcb3dca60,0x1e9dcb3dbf18
sfi-move,0x1e9dcb3dcaf0,0x1e9dcb3dc040
sfi-move,0x1e9dcb3dcb80,0x1e9dcb3dc0d0
sfi-move,0x1e9dcb3dcc10,0x1e9dcb3dc160
sfi-move,0x1e9dcb3dcce8,0x1e9dcb3dc238
sfi-move,0x1e9dcb3de1a0,0x1e9dcb3dd4c8
sfi-move,0x1e9dcb3de230,0x1e9dcb3dd558
sfi-move,0x1e9dcb3de2c0,0x1e9dcb3dd5e8
sfi-move,0x1e9dcb3de350,0x1e9dcb3dd678
sfi-move,0x1e9dcb3de3e0,0x1e9dcb3dd708
sfi-move,0x1e9dcb3de470,0x1e9dcb3dd798
sfi-move,0x1e9dcb3de500,0x1e9dcb3dd828
sfi-move,0x1e9dcb3de590,0x1e9dcb3dd8b8
sfi-move,0x1e9dcb3de620,0x1e9dcb3dd948
sfi-move,0x1e9dcb3de6b0,0x1e9dcb3dd9d8
sfi-move,0x1e9dcb3de740,0x1e9dcb3dda68
sfi-move,0x1e9dcb3de7d0,0x1e9dcb3ddaf8
sfi-move,0x1e9dcb3de860,0x1e9dcb3ddb88
sfi-move,0x1e9dcb3de8f0,0x1e9dcb3ddc18
sfi-move,0x1e9dcb3de980,0x1e9dcb3ddca8
sfi-move,0x1e9dcb3dea10,0x1e9dcb3ddd38
sfi-move,0x1e9dcb3deaa0,0x1e9dcb3dddc8
sfi-move,0x1e9dcb3deb30,0x1e9dcb3dde58
sfi-move,0x1e9dcb3debc0,0x1e9dcb3ddee8
sfi-move,0x1e9dcb3dec98,0x1e9dcb3de040
sfi-move,0x1e9dcb3df548,0x1e9dcb3de8a8
sfi-move,0x1e9dcb3df5d8,0x1e9dcb3de938
sfi-move,0x1e9dcb3df668,0x1e9dcb3de9c8
sfi-move,0x1e9dcb3df6f8,0x1e9dcb3dea58
sfi-move,0x1e9dcb3df788,0x1e9dcb3deae8
sfi-move,0x1e9dcb3df818,0x1e9dcb3deb78
sfi-move,0x1e9dcb3df8a8,0x1e9dcb3dec08
sfi-move,0x1e9dcb3df938,0x1e9dcb3dec98
sfi-move,0x1e9dcb3df9c8,0x1e9dcb3ded28
sfi-move,0x1e9dcb3dfa58,0x1e9dcb3dedb8
sfi-move,0x1e9dcb3dfae8,0x1e9dcb3dee48
sfi-move,0x1e9dcb3dfb78,0x1e9dcb3deed8
sfi-move,0x1e9dcb3dfc08,0x1e9dcb3def68
sfi-move,0x1e9dcb3dfc98,0x1e9dcb3deff8
sfi-move,0x1e9dcb3dfd28,0x1e9dcb3df088
sfi-move,0x1e9dcb3dfdb8,0x1e9dcb3df118
sfi-move,0x1e9dcb3dfe48,0x1e9dcb3df1a8
sfi-move,0x1e9dcb3dfed8,0x1e9dcb3df238
sfi-move,0x1e9dcb3dff68,0x1e9dcb3df2c8
sfi-move,0x1e9dcb3e0040,0x1e9dcb3df358
sfi-move,0x1e9dcb3e0118,0x1e9dcb3df430
sfi-move,0x1e9dcb3e2ea8,0x1e9dcb3dff30
sfi-move,0x1e9dcb3e2f38,0x1e9dcb3e0040
sfi-move,0x1e9dcb3e2fc8,0x1e9dcb3e00d0
sfi-move,0x1e9dcb3e3058,0x1e9dcb3e0160
sfi-move,0x1e9dcb3e30e8,0x1e9dcb3e01f0
sfi-move,0x1e9dcb3e3178,0x1e9dcb3e0280
sfi-move,0x1e9dcb3e3208,0x1e9dcb3e0310
sfi-move,0x1e9dcb3e3298,0x1e9dcb3e03a0
sfi-move,0x1e9dcb3e3328,0x1e9dcb3e0430
sfi-move,0x1e9dcb3e33b8,0x1e9dcb3e04c0
sfi-move,0x1e9dcb3e3448,0x1e9dcb3e0550
sfi-move,0x1e9dcb3e34d8,0x1e9dcb3e05e0
sfi-move,0x1e9dcb3e3568,0x1e9dcb3e0670
sfi-move,0x1e9dcb3e35f8,0x1e9dcb3e0700
sfi-move,0x1e9dcb3e3688,0x1e9dcb3e0790
sfi-move,0x1e9dcb3e3718,0x1e9dcb3e0820
sfi-move,0x1e9dcb3e37a8,0x1e9dcb3e08b0
sfi-move,0x1e9dcb3e3838,0x1e9dcb3e0940
sfi-move,0x1e9dcb3e38c8,0x1e9dcb3e09d0
sfi-move,0x1e9dcb3e3958,0x1e9dcb3e0a60
sfi-move,0x1e9dcb3e39e8,0x1e9dcb3e0af0
sfi-move,0x1e9dcb3e3a78,0x1e9dcb3e0b80
sfi-move,0x1e9dcb3e3b08,0x1e9dcb3e0c10
sfi-move,0x1e9dcb3e3b98,0x1e9dcb3e0ca0
sfi-move,0x1e9dcb3e3c28,0x1e9dcb3e0d30
sfi-move,0x1e9dcb3e3cb8,0x1e9dcb3e0dc0
sfi-move,0x1e9dcb3e3d48,0x1e9dcb3e0e50
sfi-move,0x1e9dcb3e3dd8,0x1e9dcb3e0ee0
sfi-move,0x1e9dcb3e3e68,0x1e9dcb3e0f70
sfi-move,0x1e9dcb3e3ef8,0x1e9dcb3e1000
sfi-move,0x1e9dcb3e4040,0x1e9dcb3e1090
sfi-move,0x1e9dcb3e40d0,0x1e9dcb3e1120
sfi-move,0x1e9dcb3e4160,0x1e9dcb3e11b0
sfi-move,0x1e9dcb3e41f0,0x1e9dcb3e1240
sfi-move,0x1e9dcb3e4280,0x1e9dcb3e12d0
sfi-move,0x1e9dcb3e4310,0x1e9dcb3e1360
sfi-move,0x1e9dcb3e43a0,0x1e9dcb3e13f0
sfi-move,0x1e9dcb3e4430,0x1e9dcb3e1480
sfi-move,0x1e9dcb3e44c0,0x1e9dcb3e1510
sfi-move,0x1e9dcb3e4550,0x1e9dcb3e15a0
sfi-move,0x1e9dcb3e45e0,0x1e9dcb3e1630
sfi-move,0x1e9dcb3e4670,0x1e9dcb3e16c0
sfi-move,0x1e9dcb3e4700,0x1e9dcb3e1750
sfi-move,0x1e9dcb3e4790,0x1e9dcb3e17e0
sfi-move,0x1e9dcb3e4820,0x1e9dcb3e1870
sfi-move,0x1e9dcb3e48b0,0x1e9dcb3e1900
sfi-move,0x1e9dcb3e4940,0x1e9dcb3e1990
sfi-move,0x1e9dcb3e49d0,0x1e9dcb3e1a20
sfi-move,0x1e9dcb3e4a60,0x1e9dcb3e1ab0
sfi-move,0x1e9dcb3e4af0,0x1e9dcb3e1b40
sfi-move,0x1e9dcb3e4b80,0x1e9dcb3e1bd0
sfi-move,0x1e9dcb3e4c10,0x1e9dcb3e1c60
sfi-move,0x1e9dcb3e4ca0,0x1e9dcb3e1cf0
sfi-move,0x1e9dcb3e4d30,0x1e9dcb3e1d80
sfi-move,0x1e9dcb3e4e08,0x1e9dcb3e1e58
sfi-move,0x1e9dcb3e62e0,0x1e9dcb3e32d8
sfi-move,0x1e9dcb3e6370,0x1e9dcb3e3368
sfi-move,0x1e9dcb3e6400,0x1e9dcb3e33f8
sfi-move,0x1e9dcb3e6490,0x1e9dcb3e3488
sfi-move,0x1e9dcb3e6520,0x1e9dcb3e3518
sfi-move,0x1e9dcb3e65b0,0x1e9dcb3e35a8
sfi-move,0x1e9dcb3e6640,0x1e9dcb3e3638
sfi-move,0x1e9dcb3e66d0,0x1e9dcb3e36c8
sfi-move,0x1e9dcb3e67e8,0x1e9dcb3e37e0
sfi-move,0x1e9dcb3e68c0,0x1e9dcb3e38b8
sfi-move,0x1e9dcb3e6998,0x1e9dcb3e3990
sfi-move,0x1e9dcb3e6ad8,0x1e9dcb3e3ad0
sfi-move,0x1e9dcb3e6d28,0x1e9dcb3e3d08
sfi-move,0x1e9dcb3e6e00,0x1e9dcb3e3de0
sfi-move,0x1e9dcb3e7878,0x1e9dcb3e4858
sfi-move,0x1e9dcb3e7908,0x1e9dcb3e48e8
sfi-move,0x1e9dcb3e7998,0x1e9dcb3e4978
sfi-move,0x1e9dcb3e7a28,0x1e9dcb3e4a08
sfi-move,0x1e9dcb3e7af8,0x1e9dcb3e4ad8
sfi-move,0x1e9dcb3e86d8,0x1e9dcb3e55a0
sfi-move,0x1e9dcb3e8768,0x1e9dcb3e5630
sfi-move,0x1e9dcb3e87f8,0x1e9dcb3e56c0
sfi-move,0x1e9dcb3e8888,0x1e9dcb3e5750
sfi-move,0x1e9dcb3e8918,0x1e9dcb3e57e0
sfi-move,0x1e9dcb3e89a8,0x1e9dcb3e5870
sfi-move,0x1e9dcb3e8a38,0x1e9dcb3e5900
sfi-move,0x1e9dcb3e8ac8,0x1e9dcb3e5990
sfi-move,0x1e9dcb3e8b58,0x1e9dcb3e5a20
sfi-move,0x1e9dcb3e8be8,0x1e9dcb3e5ab0
sfi-move,0x1e9dcb3e8c78,0x1e9dcb3e5b40
sfi-move,0x1e9dcb3e8d08,0x1e9dcb3e5bd0
sfi-move,0x1e9dcb3e8d98,0x1e9dcb3e5c60
sfi-move,0x1e9dcb3e8e28,0x1e9dcb3e5cf0
sfi-move,0x1e9dcb3e8eb8,0x1e9dcb3e5d80
sfi-move,0x1e9dcb3e8f48,0x1e9dcb3e5e10
sfi-move,0x1e9dcb3e8fd8,0x1e9dcb3e5ea0
sfi-move,0x1e9dcb3e9068,0x1e9dcb3e5f30
sfi-move,0x1e9dcb3e90f8,0x1e9dcb3e6040
sfi-move,0x1e9dcb3e9188,0x1e9dcb3e60d0
sfi-move,0x1e9dcb3e9218,0x1e9dcb3e6160
sfi-move,0x1e9dcb3e92a8,0x1e9dcb3e61f0
sfi-move,0x1e9dcb3e9338,0x1e9dcb3e6280
sfi-move,0x1e9dcb3e93c8,0x1e9dcb3e6310
sfi-move,0x1e9dcb3e9458,0x1e9dcb3e63a0
sfi-move,0x1e9dcb3e94e8,0x1e9dcb3e6430
sfi-move,0x1e9dcb3e9578,0x1e9dcb3e64c0
sfi-move,0x1e9dcb3e9608,0x1e9dcb3e6550
sfi-move,0x1e9dcb3e9698,0x1e9dcb3e65e0
sfi-move,0x1e9dcb3e9728,0x1e9dcb3e6670
sfi-move,0x1e9dcb3e97b8,0x1e9dcb3e6700
sfi-move,0x1e9dcb3e9848,0x1e9dcb3e6790
sfi-move,0x1e9dcb3e98d8,0x1e9dcb3e6820
sfi-move,0x1e9dcb3e9968,0x1e9dcb3e68b0
sfi-move,0x1e9dcb3e99f8,0x1e9dcb3e6940
sfi-move,0x1e9dcb3e9a88,0x1e9dcb3e69d0
sfi-move,0x1e9dcb3e9b18,0x1e9dcb3e6a60
sfi-move,0x1e9dcb3e9ba8,0x1e9dcb3e6af0
sfi-move,0x1e9dcb3e9c38,0x1e9dcb3e6b80
sfi-move,0x1e9dcb3e9cc8,0x1e9dcb3e6c10
sfi-move,0x1e9dcb3e9d58,0x1e9dcb3e6ca0
sfi-move,0x1e9dcb3e9de8,0x1e9dcb3e6d30
sfi-move,0x1e9dcb3e9e78,0x1e9dcb3e6dc0
sfi-move,0x1e9dcb3e9f08,0x1e9dcb3e6e50
sfi-move,0x1e9dcb3ea040,0x1e9dcb3e6ee0
sfi-move,0x1e9dcb3ea0d0,0x1e9dcb3e6f70
sfi-move,0x1e9dcb3ea160,0x1e9dcb3e7000
sfi-move,0x1e9dcb3ea1f0,0x1e9dcb3e7090
sfi-move,0x1e9dcb3ea280,0x1e9dcb3e7120
sfi-move,0x1e9dcb3ea310,0x1e9dcb3e71b0
sfi-move,0x1e9dcb3ea3a0,0x1e9dcb3e7240
sfi-move,0x1e9dcb3ea430,0x1e9dcb3e72d0
sfi-move,0x1e9dcb3ea4c0,0x1e9dcb3e7360
sfi-move,0x1e9dcb3ea550,0x1e9dcb3e73f0
sfi-move,0x1e9dcb3ea5e0,0x1e9dcb3e7480
sfi-move,0x1e9dcb3ea670,0x1e9dcb3e7510
sfi-move,0x1e9dcb3ea700,0x1e9dcb3e75a0
sfi-move,0x1e9dcb3ea790,0x1e9dcb3e7630
sfi-move,0x1e9dcb3ea820,0x1e9dcb3e76c0
sfi-move,0x1e9dcb3ea8b0,0x1e9dcb3e7750
sfi-move,0x1e9dcb3ea940,0x1e9dcb3e77e0
sfi-move,0x1e9dcb3ea9d0,0x1e9dcb3e7870
sfi-move,0x1e9dcb3eaa60,0x1e9dcb3e7900
sfi-move,0x1e9dcb3eaaf0,0x1e9dcb3e7990
sfi-move,0x1e9dcb3eab80,0x1e9dcb3e7a20
sfi-move,0x1e9dcb3eac10,0x1e9dcb3e7ab0
sfi-move,0x1e9dcb3eaca0,0x1e9dcb3e7b40
sfi-move,0x1e9dcb3ead30,0x1e9dcb3e7bd0
sfi-move,0x1e9dcb3eadc0,0x1e9dcb3e7c60
sfi-move,0x1e9dcb3eae50,0x1e9dcb3e7cf0
sfi-move,0x1e9dcb3eaee0,0x1e9dcb3e7d80
sfi-move,0x1e9dcb3eaf70,0x1e9dcb3e7e10
sfi-move,0x1e9dcb3eb000,0x1e9dcb3e7ea0
sfi-move,0x1e9dcb3eb090,0x1e9dcb3e7f30
sfi-move,0x1e9dcb3eb120,0x1e9dcb3e8040
sfi-move,0x1e9dcb3eb1b0,0x1e9dcb3e80d0
sfi-move,0x1e9dcb3eb240,0x1e9dcb3e8160
sfi-move,0x1e9dcb3eb2d0,0x1e9dcb3e81f0
sfi-move,0x1e9dcb3eb360,0x1e9dcb3e8280
sfi-move,0x1e9dcb3eb3f0,0x1e9dcb3e8310
sfi-move,0x1e9dcb3eb480,0x1e9dcb3e83a0
sfi-move,0x1e9dcb3eb510,0x1e9dcb3e8430
sfi-move,0x1e9dcb3eb5e8,0x1e9dcb3e8508
sfi-move,0x1e9dcb3ed300,0x1e9dcb3ea040
sfi-move,0x1e9dcb3ed390,0x1e9dcb3ea0d0
sfi-move,0x1e9dcb3ed420,0x1e9dcb3ea160
sfi-move,0x1e9dcb3ed4b0,0x1e9dcb3ea1f0
sfi-move,0x1e9dcb3ed540,0x1e9dcb3ea280
sfi-move,0x1e9dcb3ed5d0,0x1e9dcb3ea310
sfi-move,0x1e9dcb3ed660,0x1e9dcb3ea3a0
sfi-move,0x1e9dcb3ed6f0,0x1e9dcb3ea430
sfi-move,0x1e9dcb3ed780,0x1e9dcb3ea4c0
sfi-move,0x1e9dcb3ed810,0x1e9dcb3ea550
sfi-move,0x1e9dcb3ed8a0,0x1e9dcb3ea5e0
sfi-move,0x1e9dcb3ed930,0x1e9dcb3ea670
sfi-move,0x1e9dcb3ed9c0,0x1e9dcb3ea700
sfi-move,0x1e9dcb3eda50,0x1e9dcb3ea790
sfi-move,0x1e9dcb3edae0,0x1e9dcb3ea820
sfi-move,0x1e9dcb3edbb8,0x1e9dcb3ea8f8
sfi-move,0x1e9dcb3ee238,0x1e9dcb3eaeb0
sfi-move,0x1e9dcb3ee310,0x1e9dcb3eaf88
sfi-move,0x1e9dcb3ee3e0,0x1e9dcb3eb058
sfi-move,0x1e9dcb3ee4b8,0x1e9dcb3eb130
sfi-move,0x1e9dcb3ee590,0x1e9dcb3eb208
sfi-move,0x1e9dcb3ee938,0x1e9dcb3eb5b0
sfi-move,0x1e9dcb3eecb0,0x1e9dcb3eb8e8
sfi-move,0x1e9dcb3eed40,0x1e9dcb3eb978
sfi-move,0x1e9dcb3eedd0,0x1e9dcb3eba08
sfi-move,0x1e9dcb3eee60,0x1e9dcb3eba98
sfi-move,0x1e9dcb3eeef0,0x1e9dcb3ebb28
sfi-move,0x1e9dcb3eef80,0x1e9dcb3ebbb8
sfi-move,0x1e9dcb3ef010,0x1e9dcb3ebc48
sfi-move,0x1e9dcb3ef0a0,0x1e9dcb3ebcd8
sfi-move,0x1e9dcb3ef130,0x1e9dcb3ebd68
sfi-move,0x1e9dcb3ef1c0,0x1e9dcb3ebdf8
sfi-move,0x1e9dcb3ef298,0x1e9dcb3ebed0
sfi-move,0x1e9dcb3ef6c0,0x1e9dcb3ec300
sfi-move,0x1e9dcb3ef798,0x1e9dcb3ec3d8
code-move,0x3ae5e6722040,0x3ae5e6722040
code-move,0x3ae5e67221a0,0x3ae5e67221a0
code-move,0x3ae5e6722300,0x3ae5e6722300
code-move,0x3ae5e6722600,0x3ae5e6722600
code-move,0x3ae5e6722660,0x3ae5e6722660
code-move,0x3ae5e67226c0,0x3ae5e67226c0
code-move,0x3ae5e6722720,0x3ae5e6722720
code-move,0x3ae5e6722780,0x3ae5e6722780
code-move,0x3ae5e67227e0,0x3ae5e67227e0
code-move,0x3ae5e6722840,0x3ae5e6722840
code-move,0x3ae5e67228a0,0x3ae5e67228a0
code-move,0x3ae5e6722900,0x3ae5e6722900
code-move,0x3ae5e6722960,0x3ae5e6722960
code-move,0x3ae5e67229c0,0x3ae5e67229c0
code-move,0x3ae5e6722a20,0x3ae5e6722a20
code-move,0x3ae5e6722a80,0x3ae5e6722a80
code-move,0x3ae5e6722ae0,0x3ae5e6722ae0
code-move,0x3ae5e6722b40,0x3ae5e6722b40
code-move,0x3ae5e6722ba0,0x3ae5e6722ba0
code-move,0x3ae5e6722c00,0x3ae5e6722c00
code-move,0x3ae5e6722d00,0x3ae5e6722d00
code-move,0x3ae5e6722da0,0x3ae5e6722da0
code-move,0x3ae5e6723000,0x3ae5e6723000
code-move,0x3ae5e6723240,0x3ae5e6723240
code-move,0x3ae5e6723460,0x3ae5e6723460
code-move,0x3ae5e6723520,0x3ae5e6723520
code-move,0x3ae5e67235c0,0x3ae5e67235c0
code-move,0x3ae5e6723640,0x3ae5e6723640
code-move,0x3ae5e67236c0,0x3ae5e67236c0
code-move,0x3ae5e6723780,0x3ae5e6723780
code-move,0x3ae5e6723840,0x3ae5e6723840
code-move,0x3ae5e67238e0,0x3ae5e67238e0
code-move,0x3ae5e6723940,0x3ae5e6723940
code-move,0x3ae5e67239a0,0x3ae5e67239a0
code-move,0x3ae5e6723a00,0x3ae5e6723a00
code-move,0x3ae5e6723a60,0x3ae5e6723a60
code-move,0x3ae5e6723ac0,0x3ae5e6723ac0
code-move,0x3ae5e6723b20,0x3ae5e6723b20
code-move,0x3ae5e6723b80,0x3ae5e6723b80
code-move,0x3ae5e6723be0,0x3ae5e6723be0
code-move,0x3ae5e6723c40,0x3ae5e6723c40
code-move,0x3ae5e6724040,0x3ae5e6724040
code-move,0x3ae5e6724400,0x3ae5e6724400
code-move,0x3ae5e6724560,0x3ae5e6724560
code-move,0x3ae5e67245c0,0x3ae5e67245c0
code-move,0x3ae5e6724640,0x3ae5e6724640
code-move,0x3ae5e67246e0,0x3ae5e67246e0
code-move,0x3ae5e6724780,0x3ae5e6724780
code-move,0x3ae5e6724880,0x3ae5e6724880
code-move,0x3ae5e67248e0,0x3ae5e67248e0
code-move,0x3ae5e6724940,0x3ae5e6724940
code-move,0x3ae5e6724d00,0x3ae5e6724d00
code-move,0x3ae5e6725000,0x3ae5e6725000
code-move,0x3ae5e67252c0,0x3ae5e67252c0
code-move,0x3ae5e6725360,0x3ae5e6725360
code-move,0x3ae5e6725480,0x3ae5e6725480
code-move,0x3ae5e67254e0,0x3ae5e67254e0
code-move,0x3ae5e67255a0,0x3ae5e67255a0
code-move,0x3ae5e6725960,0x3ae5e6725960
code-move,0x3ae5e6725b00,0x3ae5e6725b00
code-move,0x3ae5e6725c20,0x3ae5e6725c20
code-move,0x3ae5e6725c80,0x3ae5e6725c80
code-move,0x3ae5e6725ce0,0x3ae5e6725ce0
code-move,0x3ae5e6725da0,0x3ae5e6725da0
code-move,0x3ae5e6726040,0x3ae5e6726040
code-move,0x3ae5e6726160,0x3ae5e6726160
code-move,0x3ae5e67261c0,0x3ae5e67261c0
code-move,0x3ae5e6726220,0x3ae5e6726220
code-move,0x3ae5e6726360,0x3ae5e6726360
code-move,0x3ae5e67263c0,0x3ae5e67263c0
code-move,0x3ae5e6726500,0x3ae5e6726500
code-move,0x3ae5e67266a0,0x3ae5e67266a0
code-move,0x3ae5e6726880,0x3ae5e6726880
code-move,0x3ae5e6726a60,0x3ae5e6726a60
code-move,0x3ae5e6726d80,0x3ae5e6726d80
code-move,0x3ae5e67270a0,0x3ae5e67270a0
code-move,0x3ae5e67272e0,0x3ae5e67272e0
code-move,0x3ae5e6727340,0x3ae5e6727340
code-move,0x3ae5e6727700,0x3ae5e6727700
code-move,0x3ae5e67277a0,0x3ae5e67277a0
code-move,0x3ae5e6727860,0x3ae5e6727860
code-move,0x3ae5e67278e0,0x3ae5e67278e0
code-move,0x3ae5e6727980,0x3ae5e6727980
code-move,0x3ae5e6727a20,0x3ae5e6727a20
code-move,0x3ae5e6727ac0,0x3ae5e6727ac0
code-move,0x3ae5e6727b60,0x3ae5e6727b60
code-move,0x3ae5e6727c00,0x3ae5e6727c00
code-move,0x3ae5e6727c60,0x3ae5e6727c60
code-move,0x3ae5e6727ce0,0x3ae5e6727ce0
code-move,0x3ae5e6728040,0x3ae5e6728040
code-move,0x3ae5e6728120,0x3ae5e6728120
code-move,0x3ae5e6728200,0x3ae5e6728200
code-move,0x3ae5e67288c0,0x3ae5e67288c0
code-move,0x3ae5e6728a20,0x3ae5e6728a20
code-move,0x3ae5e6728b20,0x3ae5e6728b20
code-move,0x3ae5e6728bc0,0x3ae5e6728bc0
code-move,0x3ae5e6728fa0,0x3ae5e6728fa0
code-move,0x3ae5e6729500,0x3ae5e6729500
code-move,0x3ae5e6729780,0x3ae5e6729780
code-move,0x3ae5e67298a0,0x3ae5e67298a0
code-move,0x3ae5e67299c0,0x3ae5e67299c0
code-move,0x3ae5e6729ae0,0x3ae5e6729ae0
code-move,0x3ae5e6729c00,0x3ae5e6729c00
code-move,0x3ae5e6729d20,0x3ae5e6729d20
code-move,0x3ae5e6729ea0,0x3ae5e6729ea0
code-move,0x3ae5e672a040,0x3ae5e672a040
code-move,0x3ae5e672a120,0x3ae5e672a120
code-move,0x3ae5e672a200,0x3ae5e672a200
code-move,0x3ae5e672a320,0x3ae5e672a320
code-move,0x3ae5e672a4a0,0x3ae5e672a4a0
code-move,0x3ae5e672a5c0,0x3ae5e672a5c0
code-move,0x3ae5e672a6a0,0x3ae5e672a6a0
code-move,0x3ae5e672a7a0,0x3ae5e672a7a0
code-move,0x3ae5e672a800,0x3ae5e672a800
code-move,0x3ae5e672aa20,0x3ae5e672aa20
code-move,0x3ae5e672aac0,0x3ae5e672aac0
code-move,0x3ae5e672abc0,0x3ae5e672abc0
code-move,0x3ae5e672aea0,0x3ae5e672aea0
code-move,0x3ae5e672af40,0x3ae5e672af40
code-move,0x3ae5e672b020,0x3ae5e672b020
code-move,0x3ae5e672b0c0,0x3ae5e672b0c0
code-move,0x3ae5e672b280,0x3ae5e672b280
code-move,0x3ae5e672b440,0x3ae5e672b440
code-move,0x3ae5e672b4c0,0x3ae5e672b4c0
code-move,0x3ae5e672b580,0x3ae5e672b580
code-move,0x3ae5e672b6a0,0x3ae5e672b6a0
code-move,0x3ae5e672b780,0x3ae5e672b780
code-move,0x3ae5e672b860,0x3ae5e672b860
code-move,0x3ae5e672bb40,0x3ae5e672bb40
code-move,0x3ae5e672bbe0,0x3ae5e672bbe0
code-move,0x3ae5e672bc80,0x3ae5e672bc80
code-move,0x3ae5e672bd20,0x3ae5e672bd20
code-move,0x3ae5e672c040,0x3ae5e672c040
code-move,0x3ae5e672c2a0,0x3ae5e672c2a0
code-move,0x3ae5e672c520,0x3ae5e672c520
code-move,0x3ae5e672c5c0,0x3ae5e672c5c0
code-move,0x3ae5e672c660,0x3ae5e672c660
code-move,0x3ae5e672c700,0x3ae5e672c700
code-move,0x3ae5e672c7e0,0x3ae5e672c7e0
code-move,0x3ae5e672cd00,0x3ae5e672cd00
code-move,0x3ae5e672cde0,0x3ae5e672cde0
code-move,0x3ae5e672cec0,0x3ae5e672cec0
code-move,0x3ae5e672cfa0,0x3ae5e672cfa0
code-move,0x3ae5e672d080,0x3ae5e672d080
code-move,0x3ae5e672d160,0x3ae5e672d160
code-move,0x3ae5e672db20,0x3ae5e672db20
code-move,0x3ae5e672dc00,0x3ae5e672dc00
code-move,0x3ae5e672dce0,0x3ae5e672dce0
code-move,0x3ae5e672e040,0x3ae5e672e040
code-move,0x3ae5e672e120,0x3ae5e672e120
code-move,0x3ae5e672e200,0x3ae5e672e200
code-move,0x3ae5e672e280,0x3ae5e672e280
code-move,0x3ae5e672e300,0x3ae5e672e300
code-move,0x3ae5e672e540,0x3ae5e672e540
code-move,0x3ae5e672e600,0x3ae5e672e600
code-move,0x3ae5e672e720,0x3ae5e672e720
code-move,0x3ae5e672e7e0,0x3ae5e672e7e0
code-move,0x3ae5e672e8e0,0x3ae5e672e860
code-move,0x3ae5e672ea00,0x3ae5e672e980
code-move,0x3ae5e672eae0,0x3ae5e672ea60
code-move,0x3ae5e672ec20,0x3ae5e672eba0
code-move,0x3ae5e672ed00,0x3ae5e672ec80
code-move,0x3ae5e672ef80,0x3ae5e672ee40
code-move,0x3ae5e672f060,0x3ae5e672ef20
code-move,0x3ae5e672f140,0x3ae5e672f000
code-move,0x3ae5e672f1c0,0x3ae5e672f080
code-move,0x3ae5e672f240,0x3ae5e672f100
code-move,0x3ae5e672f5a0,0x3ae5e672f460
code-move,0x3ae5e672f640,0x3ae5e672f500
code-move,0x3ae5e672f760,0x3ae5e672f620
code-move,0x3ae5e672f8e0,0x3ae5e672f7a0
code-move,0x3ae5e672f9c0,0x3ae5e672f880
code-move,0x3ae5e672faa0,0x3ae5e672f960
code-move,0x3ae5e672fec0,0x3ae5e672fd80
code-move,0x3ae5e6730040,0x3ae5e672fe60
code-move,0x3ae5e6730120,0x3ae5e6730040
code-move,0x3ae5e6730200,0x3ae5e6730120
code-move,0x3ae5e6730320,0x3ae5e6730240
code-move,0x3ae5e6730400,0x3ae5e6730320
code-move,0x3ae5e6730580,0x3ae5e67304a0
code-move,0x3ae5e6730620,0x3ae5e6730540
code-move,0x3ae5e6730800,0x3ae5e6730720
code-move,0x3ae5e6730c20,0x3ae5e6730b40
code-move,0x3ae5e6730d00,0x3ae5e6730c20
code-move,0x3ae5e67310a0,0x3ae5e6730fc0
code-move,0x3ae5e67311c0,0x3ae5e67310e0
code-move,0x3ae5e67312e0,0x3ae5e6731200
code-move,0x3ae5e6731400,0x3ae5e6731320
code-move,0x3ae5e67314e0,0x3ae5e6731400
code-move,0x3ae5e67315c0,0x3ae5e67314e0
code-move,0x3ae5e67316a0,0x3ae5e67315c0
code-move,0x3ae5e6731780,0x3ae5e67316a0
code-move,0x3ae5e6732040,0x3ae5e6732040
code-move,0x3ae5e67329a0,0x3ae5e67329a0
code-move,0x3ae5e6732a80,0x3ae5e6732a80
code-move,0x3ae5e6732b60,0x3ae5e6732b60
code-move,0x3ae5e6732d40,0x3ae5e6732d40
code-move,0x3ae5e6732dc0,0x3ae5e6732dc0
code-move,0x3ae5e6733040,0x3ae5e6732ea0
code-move,0x3ae5e6733120,0x3ae5e6732f80
code-move,0x3ae5e6733220,0x3ae5e6733080
code-move,0x3ae5e6733300,0x3ae5e6733160
code-move,0x3ae5e67333e0,0x3ae5e6733240
code-move,0x3ae5e6733780,0x3ae5e67335e0
code-move,0x3ae5e6733920,0x3ae5e6733780
code-move,0x3ae5e6733a00,0x3ae5e6733860
code-move,0x3ae5e6734040,0x3ae5e6733e60
code-move,0x3ae5e67341a0,0x3ae5e6734040
code-move,0x3ae5e6734320,0x3ae5e6734120
code-move,0x3ae5e6734440,0x3ae5e6734240
code-move,0x3ae5e67345e0,0x3ae5e67343e0
code-move,0x3ae5e6734860,0x3ae5e6734660
code-move,0x3ae5e67348e0,0x3ae5e67346e0
code-move,0x3ae5e67349c0,0x3ae5e67347c0
code-move,0x3ae5e6734fa0,0x3ae5e6734da0
code-move,0x3ae5e6735080,0x3ae5e6734e80
code-move,0x3ae5e6735160,0x3ae5e6734f60
code-move,0x3ae5e6735240,0x3ae5e6735040
code-move,0x3ae5e6735320,0x3ae5e6735120
code-move,0x3ae5e6735d00,0x3ae5e6735b00
code-move,0x3ae5e6735dc0,0x3ae5e6735bc0
code-move,0x3ae5e6735ea0,0x3ae5e6735ca0
code-move,0x3ae5e6736040,0x3ae5e6735d80
code-move,0x3ae5e6736120,0x3ae5e6735e60
code-move,0x3ae5e6736200,0x3ae5e6736040
code-move,0x3ae5e67363c0,0x3ae5e6736200
code-move,0x3ae5e6736440,0x3ae5e6736280
code-move,0x3ae5e6736520,0x3ae5e6736360
code-move,0x3ae5e6736760,0x3ae5e67365a0
code-move,0x3ae5e6736ac0,0x3ae5e6736900
code-move,0x3ae5e6737000,0x3ae5e6736e40
code-move,0x3ae5e67370c0,0x3ae5e6736f00
code-move,0x3ae5e6737280,0x3ae5e6736fc0
code-move,0x3ae5e67374a0,0x3ae5e67371e0
code-move,0x3ae5e6737540,0x3ae5e6737280
code-move,0x3ae5e6737740,0x3ae5e6737480
code-move,0x3ae5e67378c0,0x3ae5e6737500
code-move,0x3ae5e6737b00,0x3ae5e67375e0
code-move,0x3ae5e6737bc0,0x3ae5e67376a0
code-move,0x3ae5e6737ce0,0x3ae5e67377c0
code-move,0x3ae5e6737dc0,0x3ae5e67378a0
code-move,0x3ae5e6738040,0x3ae5e6737a00
code-move,0x3ae5e6738160,0x3ae5e6737b20
code-move,0x3ae5e6738520,0x3ae5e6738040
code-move,0x3ae5e6738c60,0x3ae5e6738780
code-move,0x3ae5e6738e20,0x3ae5e6738940
code-move,0x3ae5e6738fc0,0x3ae5e6738ae0
code-move,0x3ae5e67392a0,0x3ae5e6738ba0
code-move,0x3ae5e67394e0,0x3ae5e6738c60
code-move,0x3ae5e67395a0,0x3ae5e6738d20
code-move,0x3ae5e67397e0,0x3ae5e6738de0
code-move,0x3ae5e6739a20,0x3ae5e6738ea0
code-move,0x3ae5e6739b00,0x3ae5e6738f80
code-move,0x3ae5e6739be0,0x3ae5e6739060
code-move,0x3ae5e6739ce0,0x3ae5e6739160
code-move,0x3ae5e6739dc0,0x3ae5e6739240
code-move,0x3ae5e6739e60,0x3ae5e67392e0
code-move,0x3ae5e6739f60,0x3ae5e67393e0
code-move,0x3ae5e673a040,0x3ae5e6739480
code-move,0x3ae5e673a0e0,0x3ae5e6739520
code-move,0x3ae5e673a160,0x3ae5e673a040
code-move,0x3ae5e673b540,0x3ae5e673b420
code-move,0x3ae5e673b740,0x3ae5e673b620
code-move,0x3ae5e673b960,0x3ae5e673b840
code-move,0x3ae5e673ba00,0x3ae5e673b8e0
code-move,0x3ae5e673baa0,0x3ae5e673b980
code-move,0x3ae5e673bba0,0x3ae5e673ba80
code-move,0x3ae5e673bc40,0x3ae5e673bb20
code-move,0x3ae5e673bce0,0x3ae5e673bbc0
code-move,0x3ae5e673c0c0,0x3ae5e673bca0
code-move,0x3ae5e673c300,0x3ae5e673bd80
code-move,0x3ae5e673c480,0x3ae5e673be60
code-move,0x3ae5e673c520,0x3ae5e673bf00
code-move,0x3ae5e673c5c0,0x3ae5e673c040
code-move,0x3ae5e673c8a0,0x3ae5e673c0e0
code-move,0x3ae5e673c9c0,0x3ae5e673c200
code-move,0x3ae5e673cac0,0x3ae5e673c300
code-move,0x3ae5e673d2a0,0x3ae5e673c960
code-move,0x3ae5e673d340,0x3ae5e673ca00
code-move,0x3ae5e673da60,0x3ae5e673d120
code-move,0x3ae5e673dbc0,0x3ae5e673d280
code-move,0x3ae5e673dd80,0x3ae5e673d440
code-move,0x3ae5e673e040,0x3ae5e673d640
code-move,0x3ae5e673e120,0x3ae5e673d720
code-move,0x3ae5e673e200,0x3ae5e673d800
code-move,0x3ae5e673e9a0,0x3ae5e673e040
code-move,0x3ae5e673ea80,0x3ae5e673e120
code-move,0x3ae5e673ec60,0x3ae5e673e300
code-move,0x3ae5e673ed40,0x3ae5e673e3e0
code-move,0x3ae5e673ee00,0x3ae5e673e4a0
code-move,0x3ae5e673ee80,0x3ae5e673e520
code-move,0x3ae5e673ef80,0x3ae5e673e620
code-move,0x3ae5e673f000,0x3ae5e673e6a0
code-move,0x3ae5e673f0e0,0x3ae5e673e780
code-move,0x3ae5e673fd40,0x3ae5e673f3e0
code-move,0x3ae5e673fe80,0x3ae5e673f520
code-move,0x3ae5e6740040,0x3ae5e673f600
code-move,0x3ae5e6740660,0x3ae5e6740040
code-move,0x3ae5e6740c80,0x3ae5e6740660
code-move,0x3ae5e6740d40,0x3ae5e6740720
code-move,0x3ae5e6740e20,0x3ae5e6740800
code-move,0x3ae5e6740fe0,0x3ae5e67409c0
code-move,0x3ae5e6741060,0x3ae5e6740a40
code-move,0x3ae5e67410e0,0x3ae5e6740ac0
code-move,0x3ae5e6741340,0x3ae5e6740d20
code-move,0x3ae5e6741420,0x3ae5e6740e00
code-move,0x3ae5e67416c0,0x3ae5e6740ee0
code-move,0x3ae5e67417e0,0x3ae5e6741000
snapshot-code-name,70683,"Stub:BinaryOpStub_SUB_Alloc_Uninitialized"
snapshot-pos,0x3ae5e672b440,70683
snapshot-code-name,70800,"Stub:CEntryStub"
snapshot-pos,0x3ae5e6722300,70800
snapshot-code-name,71602,"Stub:CompareICStub"
snapshot-pos,0x3ae5e6728b20,71602
snapshot-code-name,71835,"Stub:BinaryOpStub_SAR_Alloc_Uninitialized"
snapshot-pos,0x3ae5e672e200,71835
snapshot-code-name,72014,"Stub:BinaryOpStub_SAR_Alloc_SMI"
snapshot-pos,0x3ae5e672e600,72014
snapshot-code-name,72326,"Stub:FastCloneShallowArrayStub"
snapshot-pos,0x3ae5e672c700,72326
snapshot-code-name,72572,"Stub:CompareICStub"
snapshot-pos,0x3ae5e672e720,72572
snapshot-code-name,72793,"Stub:BinaryOpStub_BIT_OR_Alloc_SMI"
snapshot-pos,0x3ae5e673b980,72793
snapshot-code-name,73072,"Stub:FastNewClosureStub"
snapshot-pos,0x3ae5e6731320,73072
snapshot-code-name,73376,"Stub:NumberToStringStub"
snapshot-pos,0x3ae5e672bd20,73376
snapshot-code-name,73742,"Stub:CompareICStub"
snapshot-pos,0x3ae5e672e540,73742
snapshot-code-name,73953,"Stub:FastCloneShallowArrayStub"
snapshot-pos,0x3ae5e673c200,73953
snapshot-code-name,74259,"Stub:CompareStub_EQ"
snapshot-pos,0x3ae5e673d440,74259
snapshot-code-name,74804,"Stub:CompareICStub"
snapshot-pos,0x3ae5e672c5c0,74804
snapshot-code-name,74983,"Stub:FastCloneShallowArrayStub"
snapshot-pos,0x3ae5e6733160,74983
snapshot-code-name,75302,"Stub:FastNewContextStub"
snapshot-pos,0x3ae5e672b6a0,75302
snapshot-code-name,75621,"Stub:CompareICStub"
snapshot-pos,0x3ae5e672aa20,75621
snapshot-code-name,75800,"Stub:CompareICStub"
snapshot-pos,0x3ae5e673c960,75800
snapshot-code-name,75989,"Stub:BinaryOpStub_ADD_Alloc_Uninitialized"
snapshot-pos,0x3ae5e672e280,75989
snapshot-code-name,76213,"Stub:CallFunctionStub_Args2"
snapshot-pos,0x3ae5e6731400,76213
snapshot-code-name,76345,"Builtin:ArgumentsAdaptorTrampoline"
snapshot-pos,0x3ae5e6722c00,76345
snapshot-code-name,76790,"Stub:StringAddStub"
snapshot-pos,0x3ae5e6736900,76790
snapshot-code-name,78161,"Stub:ArgumentsAccessStub_ReadElement"
snapshot-pos,0x3ae5e672b4c0,78161
snapshot-code-name,78387,"Stub:StringAddStub"
snapshot-pos,0x3ae5e6728fa0,78387
snapshot-code-name,79790,"Stub:StringAddStub"
snapshot-pos,0x3ae5e6740040,79790
snapshot-code-name,81464,"Stub:BinaryOpStub_ADD_OverwriteLeft_Uninitialized"
snapshot-pos,0x3ae5e672f000,81464
snapshot-code-name,81614,"Stub:BinaryOpStub_MUL_Alloc_Uninitialized"
snapshot-pos,0x3ae5e67409c0,81614
snapshot-code-name,81774,"Stub:BinaryOpStub_ADD_Alloc_Strings"
snapshot-pos,0x3ae5e6740660,81774
snapshot-code-name,81867,"Stub:StringAddStub"
snapshot-pos,0x3ae5e673f600,81867
snapshot-code-name,83562,"Stub:CompareICStub"
snapshot-pos,0x3ae5e6736f00,83562
snapshot-code-name,83826,"Stub:CompareICStub"
snapshot-pos,0x3ae5e672c660,83826
snapshot-code-name,84059,"Stub:JSConstructEntryStub"
snapshot-pos,0x3ae5e67221a0,84059
snapshot-code-name,84424,"Stub:ToBooleanStub_None"
snapshot-pos,0x3ae5e672a7a0,84424
snapshot-code-name,84605,"Stub:BinaryOpStub_ADD_Alloc_BothStrings"
snapshot-pos,0x3ae5e6736e40,84605
snapshot-code-name,84829,"Stub:ToBooleanStub_Undefined"
snapshot-pos,0x3ae5e6737480,84829
snapshot-code-name,84998,"Stub:FastCloneShallowArrayStub"
snapshot-pos,0x3ae5e672aac0,84998
snapshot-code-name,85294,"Stub:BinaryOpStub_ADD_Alloc_SMI"
snapshot-pos,0x3ae5e672e860,85294
snapshot-code-name,85605,"Stub:CompareStub_EQ_STRICT"
snapshot-pos,0x3ae5e6736fc0,85605
snapshot-code-name,86189,"Stub:StringDictionaryNegativeLookupStub"
snapshot-pos,0x3ae5e67255a0,86189
snapshot-code-name,87198,"Stub:BinaryOpStub_ADD_OverwriteLeft_SMI"
snapshot-pos,0x3ae5e672f500,87198
snapshot-code-name,87600,"Stub:KeyedLoadElementStub"
snapshot-pos,0x3ae5e672e7e0,87600
snapshot-code-name,87721,"Builtin:KeyedLoadIC_MissForceGeneric"
snapshot-pos,0x3ae5e67239a0,87721
snapshot-code-name,87851,"Stub:CallFunctionStub_Args0"
snapshot-pos,0x3ae5e6730b40,87851
snapshot-code-name,88121,"Stub:CallFunctionStub_Args3"
snapshot-pos,0x3ae5e67314e0,88121
snapshot-code-name,88372,"Stub:CallFunctionStub_Args1"
snapshot-pos,0x3ae5e6735e60,88372
snapshot-code-name,88633,"Stub:StringDictionaryNegativeLookupStub"
snapshot-pos,0x3ae5e6724940,88633
snapshot-code-name,89617,"Stub:FastCloneShallowArrayStub"
snapshot-pos,0x3ae5e672a6a0,89617
snapshot-code-name,89976,"Stub:StringDictionaryNegativeLookupStub"
snapshot-pos,0x3ae5e6724040,89976
snapshot-code-name,91021,"Stub:FastNewContextStub"
snapshot-pos,0x3ae5e67377c0,91021
snapshot-code-name,91267,"Stub:CompareICStub"
snapshot-pos,0x3ae5e672c520,91267
snapshot-code-name,91445,"Stub:ToBooleanStub_Bool"
snapshot-pos,0x3ae5e6732d40,91445
snapshot-code-name,91659,"Stub:CompareICStub"
snapshot-pos,0x3ae5e67304a0,91659
snapshot-code-name,91865,"Stub:ArgumentsAccessStub_NewNonStrictSlow"
snapshot-pos,0x3ae5e672b020,91865
snapshot-code-name,92066,"Stub:ToNumberStub"
snapshot-pos,0x3ae5e672f080,92066
snapshot-code-name,92311,"Stub:ToBooleanStub_SpecObject"
snapshot-pos,0x3ae5e672f460,92311
snapshot-code-name,92493,"Stub:BinaryOpStub_BIT_OR_Alloc_Uninitialized"
snapshot-pos,0x3ae5e6739520,92493
snapshot-code-name,92653,"Stub:BinaryOpStub_ADD_OverwriteRight_Uninitialized"
snapshot-pos,0x3ae5e6740a40,92653
snapshot-code-name,92813,"Stub:StackCheckStub"
snapshot-pos,0x3ae5e67272e0,92813
snapshot-code-name,92977,"Stub:CompareICStub"
snapshot-pos,0x3ae5e6738c60,92977
snapshot-code-name,93186,"Stub:CompareICStub"
snapshot-pos,0x3ae5e673d640,93186
snapshot-code-name,93466,"Stub:StringCompareStub"
snapshot-pos,0x3ae5e6728a20,93466
snapshot-code-name,93773,"Stub:JSEntryStub"
snapshot-pos,0x3ae5e6722040,93773
snapshot-code-name,94278,"CallInitialize:36"
snapshot-pos,0x3ae5e67346e0,94278
snapshot-code-name,94539,"CallInitialize:2"
snapshot-pos,0x3ae5e672b780,94539
snapshot-code-name,94782,"CallPreMonomorphic:12"
snapshot-pos,0x3ae5e672ee40,94782
snapshot-code-name,95035,"CallPreMonomorphic:30"
snapshot-pos,0x3ae5e6735d80,95035
snapshot-code-name,95386,"CallInitialize:12"
snapshot-pos,0x3ae5e672cec0,95386
snapshot-code-name,95657,"CallPreMonomorphic:6"
snapshot-pos,0x3ae5e6733080,95657
snapshot-code-name,95928,"CallInitialize:10"
snapshot-pos,0x3ae5e672dc00,95928
snapshot-code-name,96171,"CallPreMonomorphic:92"
snapshot-pos,0x3ae5e673e040,96171
snapshot-code-name,96441,"CallPreMonomorphic:5"
snapshot-pos,0x3ae5e6735bc0,96441
snapshot-code-name,96684,"CallMiss:0"
snapshot-pos,0x3ae5e673bbc0,96684
snapshot-code-name,96927,"CallInitialize:1"
snapshot-pos,0x3ae5e6728040,96927
snapshot-code-name,97169,"CallInitialize:92"
snapshot-pos,0x3ae5e673d720,97169
snapshot-code-name,97421,"CallPreMonomorphic:70"
snapshot-pos,0x3ae5e6733e60,97421
snapshot-code-name,97663,"CallPreMonomorphic:10"
snapshot-pos,0x3ae5e672e040,97663
snapshot-code-name,97906,"CallPreMonomorphic:4"
snapshot-pos,0x3ae5e6730240,97906
snapshot-code-name,98159,"CallInitialize:6"
snapshot-pos,0x3ae5e67316a0,98159
snapshot-code-name,98404,"CallPreMonomorphic:38"
snapshot-pos,0x3ae5e672ef20,98404
snapshot-code-name,98701,"CallMiss:3"
snapshot-pos,0x3ae5e6734040,98701
snapshot-code-name,98990,"CallPreMonomorphic:3"
snapshot-pos,0x3ae5e672e120,98990
snapshot-code-name,99270,"CallInitialize:38"
snapshot-pos,0x3ae5e672cfa0,99270
snapshot-code-name,99522,"CallMiss:2"
snapshot-pos,0x3ae5e6740e00,99522
snapshot-code-name,99764,"CallPreMonomorphic:36"
snapshot-pos,0x3ae5e6734da0,99764
snapshot-code-name,100006,"CallInitialize:20"
snapshot-pos,0x3ae5e672f7a0,100006
snapshot-code-name,100267,"CallPreMonomorphic:26"
snapshot-pos,0x3ae5e672fe60,100267
snapshot-code-name,100509,"CallInitialize:14"
snapshot-pos,0x3ae5e6734f60,100509
snapshot-code-name,100752,"CallMiss:1"
snapshot-pos,0x3ae5e673bd80,100752
snapshot-code-name,100995,"CallPreMonomorphic:8"
snapshot-pos,0x3ae5e673f520,100995
snapshot-code-name,101248,"CallInitialize:70"
snapshot-pos,0x3ae5e6733780,101248
snapshot-code-name,101536,"CallInitialize:0"
snapshot-pos,0x3ae5e6738f80,101536
snapshot-code-name,101779,"CallPreMonomorphic:1"
snapshot-pos,0x3ae5e672eba0,101779
snapshot-code-name,102022,"CallInitialize:26"
snapshot-pos,0x3ae5e672f880,102022
snapshot-code-name,102274,"CallPreMonomorphic:14"
snapshot-pos,0x3ae5e6735ca0,102274
snapshot-code-name,102517,"CallPreMonomorphic:0"
snapshot-pos,0x3ae5e6739160,102517
snapshot-code-name,102760,"CallInitialize:30"
snapshot-pos,0x3ae5e6735040,102760
snapshot-code-name,103039,"CallPreMonomorphic:2"
snapshot-pos,0x3ae5e67329a0,103039
snapshot-code-name,103282,"CallPreMonomorphic:42"
snapshot-pos,0x3ae5e6732ea0,103282
snapshot-code-name,103579,"CallInitialize:8"
snapshot-pos,0x3ae5e673e6a0,103579
snapshot-code-name,103822,"CallMiss:1"
snapshot-pos,0x3ae5e6732dc0,103822
snapshot-code-name,104064,"CallInitialize:2"
snapshot-pos,0x3ae5e6728120,104064
snapshot-code-name,104325,"CallPreMonomorphic:2"
snapshot-pos,0x3ae5e6740720,104325
snapshot-code-name,104567,"CallInitialize:3"
snapshot-pos,0x3ae5e672d080,104567
snapshot-code-name,104874,"CallInitialize:1"
snapshot-pos,0x3ae5e672e980,104874
snapshot-code-name,105117,"CallPreMonomorphic:1"
snapshot-pos,0x3ae5e6732a80,105117
snapshot-code-name,105359,"CallInitialize:5"
snapshot-pos,0x3ae5e6734e80,105359
snapshot-code-name,105602,"CallPreMonomorphic:20"
snapshot-pos,0x3ae5e672fd80,105602
snapshot-code-name,105844,"CallInitialize:42"
snapshot-pos,0x3ae5e67315c0,105844
snapshot-code-name,106096,"CallInitialize:0"
snapshot-pos,0x3ae5e672cde0,106096
snapshot-code-name,106358,"CallInitialize:4"
snapshot-pos,0x3ae5e6730040,106358
snapshot-code-name,106629,"CallMiss:2"
snapshot-pos,0x3ae5e6737500,106629
snapshot-code-name,106872,"CallPreMonomorphic:0"
snapshot-pos,0x3ae5e672db20,106872
snapshot-code-name,134857,"Builtin:Return_DebugBreak"
snapshot-pos,0x3ae5e6727700,134857
snapshot-code-name,135013,"Builtin:Slot_DebugBreak"
snapshot-pos,0x3ae5e6727b60,135013
snapshot-code-name,135226,"Script:native json.js"
snapshot-pos,0x3ae5e6740ee0,135226
snapshot-code-name,135439,"Builtin:LazyCompile"
snapshot-pos,0x3ae5e67235c0,135439
snapshot-code-name,135568,"Builtin:JSConstructStubGeneric"
snapshot-pos,0x3ae5e6723000,135568
snapshot-code-name,140168,"LazyCompile:SetUpJSON native json.js:340"
snapshot-pos,0x3ae5e6741000,140168
snapshot-code-name,140346,"Builtin:LoadIC_Initialize"
snapshot-pos,0x3ae5e6723be0,140346
snapshot-code-name,141123,"Script:native v8natives.js"
snapshot-pos,0x3ae5e672d160,141123
snapshot-code-name,141771,"LazyCompile:InstallFunctions native v8natives.js:48"
snapshot-pos,0x3ae5e672e300,141771
snapshot-code-name,142118,"Builtin:KeyedLoadIC_Initialize"
snapshot-pos,0x3ae5e6724880,142118
snapshot-code-name,155558,"LazyCompile:InstallFunctionsOnHiddenPrototype native v8natives.js:67"
snapshot-pos,0x3ae5e6732f80,155558
snapshot-code-name,155761,"Builtin:JSConstructCall"
snapshot-pos,0x3ae5e6722d00,155761
snapshot-code-name,156221,"LazyCompile:SetUpLockedPrototype native v8natives.js:79"
snapshot-pos,0x3ae5e672f100,156221
snapshot-code-name,157164,"Builtin:StoreIC_Initialize"
snapshot-pos,0x3ae5e6725480,157164
snapshot-code-name,157738,"LazyCompile:isFinite native v8natives.js:115"
snapshot-pos,0x3ae5e673d280,157738
snapshot-code-name,158816,"LazyCompile:SetUpGlobal native v8natives.js:193"
snapshot-pos,0x3ae5e672dce0,158816
snapshot-code-name,160115,"LazyCompile:hasOwnProperty native v8natives.js:264"
snapshot-pos,0x3ae5e6732b60,160115
snapshot-code-name,162144,"LazyCompile:IsAccessorDescriptor native v8natives.js:360"
snapshot-pos,0x3ae5e6739060,162144
snapshot-code-name,162673,"LazyCompile:IsDataDescriptor native v8natives.js:367"
snapshot-pos,0x3ae5e67392e0,162673
snapshot-code-name,163203,"LazyCompile:IsGenericDescriptor native v8natives.js:374"
snapshot-pos,0x3ae5e673bca0,163203
snapshot-code-name,163627,"LazyCompile:IsInconsistentDescriptor native v8natives.js:379"
snapshot-pos,0x3ae5e6738ea0,163627
snapshot-code-name,164317,"LazyCompile:ToPropertyDescriptor native v8natives.js:432"
snapshot-pos,0x3ae5e6738040,164317
snapshot-code-name,167197,"LazyCompile:PropertyDescriptor native v8natives.js:494"
snapshot-pos,0x3ae5e6738780,167197
snapshot-code-name,168260,"LazyCompile:ConvertDescriptorArrayToDescriptor native v8natives.js:593"
snapshot-pos,0x3ae5e673b620,168260
snapshot-code-name,169782,"LazyCompile:DefineOwnProperty native v8natives.js:692"
snapshot-pos,0x3ae5e673a040,169782
snapshot-code-name,178379,"LazyCompile:SetUpObject native v8natives.js:1186"
snapshot-pos,0x3ae5e672f960,178379
snapshot-code-name,179917,"LazyCompile:SetUpBoolean native v8natives.js:1249"
snapshot-pos,0x3ae5e6730120,179917
snapshot-code-name,181109,"LazyCompile:SetUpNumber native v8natives.js:1372"
snapshot-pos,0x3ae5e6730720,181109
snapshot-code-name,183021,"LazyCompile:NewFunction native v8natives.js:1527"
snapshot-pos,0x3ae5e6730c20,183021
snapshot-code-name,183523,"Builtin:KeyedStoreIC_Initialize"
snapshot-pos,0x3ae5e67261c0,183523
snapshot-code-name,184654,"LazyCompile:SetUpFunction native v8natives.js:1553"
snapshot-pos,0x3ae5e6730fc0,184654
snapshot-code-name,185302,"LazyCompile:$Object.constructor native v8natives.js:220"
snapshot-pos,0x3ae5e672ea60,185302
snapshot-code-name,186734,"LazyCompile:$Array.enumerable_ native v8natives.js:535"
snapshot-pos,0x3ae5e67393e0,186734
snapshot-code-name,187086,"LazyCompile:$Array.writable_ native v8natives.js:538"
snapshot-pos,0x3ae5e6738ae0,187086
snapshot-code-name,187574,"LazyCompile:$Array.writable_ native v8natives.js:542"
snapshot-pos,0x3ae5e673b8e0,187574
snapshot-code-name,187926,"LazyCompile:$Array.writable_ native v8natives.js:545"
snapshot-pos,0x3ae5e673b840,187926
snapshot-code-name,188602,"LazyCompile:$Array.configurable_ native v8natives.js:555"
snapshot-pos,0x3ae5e6739480,188602
snapshot-code-name,188954,"LazyCompile:$Array.get_ native v8natives.js:558"
snapshot-pos,0x3ae5e6738ba0,188954
snapshot-code-name,189417,"LazyCompile:$Array.get_ native v8natives.js:562"
snapshot-pos,0x3ae5e673ba80,189417
snapshot-code-name,189769,"LazyCompile:$Array.get_ native v8natives.js:565"
snapshot-pos,0x3ae5e673bb20,189769
snapshot-code-name,190121,"LazyCompile:$Array.set_ native v8natives.js:568"
snapshot-pos,0x3ae5e6738d20,190121
snapshot-code-name,190584,"LazyCompile:$Array.set_ native v8natives.js:572"
snapshot-pos,0x3ae5e673be60,190584
snapshot-code-name,190936,"LazyCompile:$Array.set_ native v8natives.js:575"
snapshot-pos,0x3ae5e6739240,190936
snapshot-code-name,191288,"LazyCompile:d native v8natives.js:578"
snapshot-pos,0x3ae5e6738de0,191288
snapshot-code-name,191716,"LazyCompile:d native v8natives.js:582"
snapshot-pos,0x3ae5e673c040,191716
snapshot-code-name,192069,"LazyCompile: native v8natives.js:585"
snapshot-pos,0x3ae5e673bf00,192069
snapshot-code-name,192461,"LazyCompile:a native v8natives.js:1171"
snapshot-pos,0x3ae5e672f620,192461
snapshot-code-name,193160,"LazyCompile:b native v8natives.js:1264"
snapshot-pos,0x3ae5e6730320,193160
snapshot-code-name,194164,"Script:native regexp.js"
snapshot-pos,0x3ae5e673e120,194164
snapshot-code-name,198602,"LazyCompile:RegExpConstructor native regexp.js:86"
snapshot-pos,0x3ae5e673f3e0,198602
snapshot-code-name,200573,"LazyCompile:RegExpMakeCaptureGetter native regexp.js:370"
snapshot-pos,0x3ae5e6740d20,200573
snapshot-code-name,200785,"Function: native regexp.js:371"
snapshot-pos,0x3ae5e6740ac0,200785
snapshot-code-name,201963,"LazyCompile:SetUpRegExp native regexp.js:408"
snapshot-pos,0x3ae5e673e780,201963
snapshot-code-name,202747,"Function:RegExpGetInput native regexp.js:428"
snapshot-pos,0x3ae5e673e300,202747
snapshot-code-name,203182,"Function:RegExpSetInput native regexp.js:432"
snapshot-pos,0x3ae5e673e3e0,203182
snapshot-code-name,203594,"Function:RegExpGetMultiline native regexp.js:452"
snapshot-pos,0x3ae5e673e4a0,203594
snapshot-code-name,203930,"Function:RegExpSetMultiline native regexp.js:453"
snapshot-pos,0x3ae5e673e520,203930
snapshot-code-name,204378,"Function:NoOpSetter native regexp.js:461"
snapshot-pos,0x3ae5e673e620,204378
snapshot-code-name,208105,"Script:native runtime.js"
snapshot-pos,0x3ae5e6727ce0,208105
snapshot-code-name,208497,"LazyCompile:EQUALS native runtime.js:54"
snapshot-pos,0x3ae5e6728200,208497
snapshot-code-name,216168,"LazyCompile:STRICT_EQUALS native runtime.js:100"
snapshot-pos,0x3ae5e67288c0,216168
snapshot-code-name,216729,"LazyCompile:COMPARE native runtime.js:120"
snapshot-pos,0x3ae5e6728bc0,216729
snapshot-code-name,218021,"LazyCompile:ADD native runtime.js:163"
snapshot-pos,0x3ae5e6729500,218021
snapshot-code-name,218930,"LazyCompile:STRING_ADD_LEFT native runtime.js:183"
snapshot-pos,0x3ae5e672c040,218930
snapshot-code-name,219758,"LazyCompile:STRING_ADD_RIGHT native runtime.js:198"
snapshot-pos,0x3ae5e672c2a0,219758
snapshot-code-name,220619,"LazyCompile:SUB native runtime.js:214"
snapshot-pos,0x3ae5e6729780,220619
snapshot-code-name,221117,"LazyCompile:MUL native runtime.js:222"
snapshot-pos,0x3ae5e67298a0,221117
snapshot-code-name,221613,"LazyCompile:DIV native runtime.js:230"
snapshot-pos,0x3ae5e67299c0,221613
snapshot-code-name,222109,"LazyCompile:MOD native runtime.js:238"
snapshot-pos,0x3ae5e6729ae0,222109
snapshot-code-name,222605,"LazyCompile:BIT_OR native runtime.js:252"
snapshot-pos,0x3ae5e6729c00,222605
snapshot-code-name,223101,"LazyCompile:BIT_AND native runtime.js:260"
snapshot-pos,0x3ae5e6729d20,223101
snapshot-code-name,223715,"LazyCompile:BIT_XOR native runtime.js:282"
snapshot-pos,0x3ae5e6729ea0,223715
snapshot-code-name,224219,"LazyCompile:UNARY_MINUS native runtime.js:290"
snapshot-pos,0x3ae5e672a040,224219
snapshot-code-name,224636,"LazyCompile:BIT_NOT native runtime.js:297"
snapshot-pos,0x3ae5e672a120,224636
snapshot-code-name,225053,"LazyCompile:SHL native runtime.js:304"
snapshot-pos,0x3ae5e672a200,225053
snapshot-code-name,225549,"LazyCompile:SAR native runtime.js:312"
snapshot-pos,0x3ae5e672a320,225549
snapshot-code-name,226163,"LazyCompile:SHR native runtime.js:334"
snapshot-pos,0x3ae5e672a4a0,226163
snapshot-code-name,226659,"LazyCompile:DELETE native runtime.js:348"
snapshot-pos,0x3ae5e672a5c0,226659
snapshot-code-name,227075,"LazyCompile:IN native runtime.js:354"
snapshot-pos,0x3ae5e672a800,227075
snapshot-code-name,227880,"LazyCompile:INSTANCE_OF native runtime.js:367"
snapshot-pos,0x3ae5e672abc0,227880
snapshot-code-name,228962,"LazyCompile:GET_KEYS native runtime.js:391"
snapshot-pos,0x3ae5e672aea0,228962
snapshot-code-name,229314,"LazyCompile:FILTER_KEY native runtime.js:399"
snapshot-pos,0x3ae5e672af40,229314
snapshot-code-name,229750,"LazyCompile:CALL_NON_FUNCTION native runtime.js:406"
snapshot-pos,0x3ae5e672b0c0,229750
snapshot-code-name,230484,"LazyCompile:CALL_NON_FUNCTION_AS_CONSTRUCTOR native runtime.js:415"
snapshot-pos,0x3ae5e672b280,230484
snapshot-code-name,231167,"LazyCompile:CALL_FUNCTION_PROXY native runtime.js:424"
snapshot-pos,0x3ae5e672b580,231167
snapshot-code-name,231708,"LazyCompile:CALL_FUNCTION_PROXY_AS_CONSTRUCTOR native runtime.js:432"
snapshot-pos,0x3ae5e672b860,231708
snapshot-code-name,232781,"LazyCompile:APPLY_PREPARE native runtime.js:449"
snapshot-pos,0x3ae5e672c7e0,232781
snapshot-code-name,234515,"LazyCompile:APPLY_OVERFLOW native runtime.js:486"
snapshot-pos,0x3ae5e672cd00,234515
snapshot-code-name,234929,"LazyCompile:TO_OBJECT native runtime.js:492"
snapshot-pos,0x3ae5e672bb40,234929
snapshot-code-name,235280,"LazyCompile:TO_NUMBER native runtime.js:498"
snapshot-pos,0x3ae5e672bbe0,235280
snapshot-code-name,235631,"LazyCompile:TO_STRING native runtime.js:504"
snapshot-pos,0x3ae5e672bc80,235631
snapshot-code-name,235948,"LazyCompile:ToPrimitive native runtime.js:516"
snapshot-pos,0x3ae5e6740800,235948
snapshot-code-name,236657,"LazyCompile:ToBoolean native runtime.js:527"
snapshot-pos,0x3ae5e672ec80,236657
snapshot-code-name,237276,"LazyCompile:ToNumber native runtime.js:537"
snapshot-pos,0x3ae5e6730540,237276
snapshot-code-name,238038,"LazyCompile:ToString native runtime.js:560"
snapshot-pos,0x3ae5e6738940,238038
snapshot-code-name,238708,"LazyCompile:ToObject native runtime.js:577"
snapshot-pos,0x3ae5e673b420,238708
snapshot-code-name,240779,"Script:native apinatives.js"
snapshot-pos,0x3ae5e673c0e0,240779
snapshot-code-name,241937,"Script:native string.js"
snapshot-pos,0x3ae5e6733240,241937
snapshot-code-name,256424,"LazyCompile:SetUpString native string.js:943"
snapshot-pos,0x3ae5e6733860,256424
snapshot-code-name,258164,"LazyCompile:b native string.js:36"
snapshot-pos,0x3ae5e67335e0,258164
snapshot-code-name,259989,"Script:native math.js"
snapshot-pos,0x3ae5e67343e0,259989
snapshot-code-name,260364,"LazyCompile:MathConstructor native math.js:38"
snapshot-pos,0x3ae5e6734660,260364
snapshot-code-name,265573,"LazyCompile:SetUpMath native math.js:198"
snapshot-pos,0x3ae5e67347c0,265573
snapshot-code-name,268129,"Script:native date.js"
snapshot-pos,0x3ae5e673c300,268129
snapshot-code-name,280485,"LazyCompile:TimeClip native date.js:378"
snapshot-pos,0x3ae5e673d120,280485
snapshot-code-name,289545,"LazyCompile:SetUpDate native date.js:1051"
snapshot-pos,0x3ae5e673d800,289545
snapshot-code-name,292901,"LazyCompile:WeekDays native date.js:398"
snapshot-pos,0x3ae5e673ca00,292901
snapshot-code-name,297076,"Script:native array.js"
snapshot-pos,0x3ae5e67310e0,297076
snapshot-code-name,312659,"LazyCompile:SetUpArray native array.js:1317"
snapshot-pos,0x3ae5e6732040,312659
snapshot-code-name,313355,"Function:getFunction native array.js:1330"
snapshot-pos,0x3ae5e6731200,313355
snapshot-code-name,316360,"Script:native uri.js"
snapshot-pos,0x3ae5e6734120,316360
snapshot-code-name,322295,"LazyCompile:SetUpUri native uri.js:395"
snapshot-pos,0x3ae5e6734240,322295
snapshot-code-name,323170,"Script:native messages.js"
snapshot-pos,0x3ae5e6735120,323170
snapshot-code-name,334260,"LazyCompile:MakeGenericError native messages.js:107"
snapshot-pos,0x3ae5e67376a0,334260
snapshot-code-name,335197,"LazyCompile:MakeRangeError native messages.js:297"
snapshot-pos,0x3ae5e67375e0,335197
snapshot-code-name,338200,"LazyCompile:DefineOneShotAccessor native messages.js:727"
snapshot-pos,0x3ae5e6737b20,338200
snapshot-code-name,338539,"Function:getter native messages.js:733"
snapshot-pos,0x3ae5e67378a0,338539
snapshot-code-name,339087,"Function:setter native messages.js:741"
snapshot-pos,0x3ae5e6737a00,339087
snapshot-code-name,342632,"LazyCompile:captureStackTrace native messages.js:1054"
snapshot-pos,0x3ae5e6737280,342632
snapshot-code-name,343233,"Function: native messages.js:1063"
snapshot-pos,0x3ae5e67371e0,343233
snapshot-code-name,343792,"LazyCompile:SetUpError native messages.js:1069"
snapshot-pos,0x3ae5e6736040,343792
snapshot-code-name,344029,"LazyCompile:DefineError native messages.js:1072"
snapshot-pos,0x3ae5e67365a0,344029
snapshot-code-name,344416,"Function:ErrorPrototype native messages.js:1088"
snapshot-pos,0x3ae5e6736200,344416
snapshot-code-name,345232,"Function: native messages.js:1104"
snapshot-pos,0x3ae5e6736360,345232
snapshot-code-name,345692,"Function: native messages.js:1115"
snapshot-pos,0x3ae5e6736280,345692
snapshot-code-name,348454,"LazyCompile:b native messages.js:124"
snapshot-pos,0x3ae5e6735b00,348454
snapshot-code-name,352445,"Builtin:Illegal"
snapshot-pos,0x3ae5e6722600,352445
snapshot-code-name,352546,"Builtin:EmptyFunction"
snapshot-pos,0x3ae5e6722660,352546
snapshot-code-name,352647,"Builtin:ArrayCodeGeneric"
snapshot-pos,0x3ae5e67226c0,352647
snapshot-code-name,352748,"Builtin:ArrayPush"
snapshot-pos,0x3ae5e6722720,352748
snapshot-code-name,352849,"Builtin:ArrayPop"
snapshot-pos,0x3ae5e6722780,352849
snapshot-code-name,352950,"Builtin:ArrayShift"
snapshot-pos,0x3ae5e67227e0,352950
snapshot-code-name,353051,"Builtin:ArrayUnshift"
snapshot-pos,0x3ae5e6722840,353051
snapshot-code-name,353152,"Builtin:ArraySlice"
snapshot-pos,0x3ae5e67228a0,353152
snapshot-code-name,353253,"Builtin:ArraySplice"
snapshot-pos,0x3ae5e6722900,353253
snapshot-code-name,353356,"Builtin:ArrayConcat"
snapshot-pos,0x3ae5e6722960,353356
snapshot-code-name,353457,"Builtin:HandleApiCall"
snapshot-pos,0x3ae5e67229c0,353457
snapshot-code-name,353557,"Builtin:FastHandleApiCall"
snapshot-pos,0x3ae5e6722a20,353557
snapshot-code-name,353658,"Builtin:HandleApiCallConstruct"
snapshot-pos,0x3ae5e6722a80,353658
snapshot-code-name,353758,"Builtin:HandleApiCallAsFunction"
snapshot-pos,0x3ae5e6722ae0,353758
snapshot-code-name,353859,"Builtin:HandleApiCallAsConstructor"
snapshot-pos,0x3ae5e6722b40,353859
snapshot-code-name,353960,"Builtin:StrictModePoisonPill"
snapshot-pos,0x3ae5e6722ba0,353960
snapshot-code-name,354067,"Builtin:JSConstructStubCountdown"
snapshot-pos,0x3ae5e6722da0,354067
snapshot-code-name,354673,"Builtin:JSConstructStubApi"
snapshot-pos,0x3ae5e6723240,354673
snapshot-code-name,355216,"Builtin:JSEntryTrampoline"
snapshot-pos,0x3ae5e6723460,355216
snapshot-code-name,355413,"Builtin:JSConstructEntryTrampoline"
snapshot-pos,0x3ae5e6723520,355413
snapshot-code-name,355581,"Builtin:LazyRecompile"
snapshot-pos,0x3ae5e6723640,355581
snapshot-code-name,355708,"Builtin:NotifyDeoptimized"
snapshot-pos,0x3ae5e67236c0,355708
snapshot-code-name,355897,"Builtin:NotifyLazyDeoptimized"
snapshot-pos,0x3ae5e6723780,355897
snapshot-code-name,356086,"Builtin:NotifyOSR"
snapshot-pos,0x3ae5e6723840,356086
snapshot-code-name,356246,"Builtin:LoadIC_Miss"
snapshot-pos,0x3ae5e67238e0,356246
snapshot-code-name,356346,"Builtin:KeyedLoadIC_Miss"
snapshot-pos,0x3ae5e6723940,356346
snapshot-code-name,356449,"Builtin:KeyedLoadIC_Slow"
snapshot-pos,0x3ae5e6723a00,356449
snapshot-code-name,356549,"Builtin:StoreIC_Miss"
snapshot-pos,0x3ae5e6723a60,356549
snapshot-code-name,356649,"Builtin:KeyedStoreIC_Miss"
snapshot-pos,0x3ae5e6723ac0,356649
snapshot-code-name,356749,"Builtin:KeyedStoreIC_MissForceGeneric"
snapshot-pos,0x3ae5e6723b20,356749
snapshot-code-name,356849,"Builtin:KeyedStoreIC_Slow"
snapshot-pos,0x3ae5e6723b80,356849
snapshot-code-name,356952,"Builtin:LoadIC_PreMonomorphic"
snapshot-pos,0x3ae5e6723c40,356952
snapshot-code-name,357052,"Builtin:LoadIC_Normal"
snapshot-pos,0x3ae5e6724400,357052
snapshot-code-name,357411,"Builtin:LoadIC_ArrayLength"
snapshot-pos,0x3ae5e6724560,357411
snapshot-code-name,357514,"Builtin:LoadIC_StringLength"
snapshot-pos,0x3ae5e67245c0,357514
snapshot-code-name,357651,"Builtin:LoadIC_StringWrapperLength"
snapshot-pos,0x3ae5e6724640,357651
snapshot-code-name,357820,"Builtin:LoadIC_FunctionPrototype"
snapshot-pos,0x3ae5e67246e0,357820
snapshot-code-name,357988,"Builtin:LoadIC_Megamorphic"
snapshot-pos,0x3ae5e6724780,357988
snapshot-code-name,358252,"Builtin:KeyedLoadIC_PreMonomorphic"
snapshot-pos,0x3ae5e67248e0,358252
snapshot-code-name,358352,"Builtin:KeyedLoadIC_Generic"
snapshot-pos,0x3ae5e6724d00,358352
snapshot-code-name,359128,"Builtin:KeyedLoadIC_String"
snapshot-pos,0x3ae5e6725000,359128
snapshot-code-name,359823,"Builtin:KeyedLoadIC_IndexedInterceptor"
snapshot-pos,0x3ae5e67252c0,359823
snapshot-code-name,359984,"Builtin:KeyedLoadIC_NonStrictArguments"
snapshot-pos,0x3ae5e6725360,359984
snapshot-code-name,360282,"Builtin:StoreIC_ArrayLength"
snapshot-pos,0x3ae5e67254e0,360282
snapshot-code-name,360475,"Builtin:StoreIC_Normal"
snapshot-pos,0x3ae5e6725960,360475
snapshot-code-name,360896,"Builtin:StoreIC_Megamorphic"
snapshot-pos,0x3ae5e6725b00,360896
snapshot-code-name,361193,"Builtin:StoreIC_GlobalProxy"
snapshot-pos,0x3ae5e6725c20,361193
snapshot-code-name,361293,"Builtin:StoreIC_Initialize_Strict"
snapshot-pos,0x3ae5e6725c80,361293
snapshot-code-name,361393,"Builtin:StoreIC_ArrayLength_Strict"
snapshot-pos,0x3ae5e6725ce0,361393
snapshot-code-name,361588,"Builtin:StoreIC_Normal_Strict"
snapshot-pos,0x3ae5e6725da0,361588
snapshot-code-name,362009,"Builtin:StoreIC_Megamorphic_Strict"
snapshot-pos,0x3ae5e6726040,362009
snapshot-code-name,362306,"Builtin:StoreIC_GlobalProxy_Strict"
snapshot-pos,0x3ae5e6726160,362306
snapshot-code-name,362409,"Builtin:KeyedStoreIC_Generic"
snapshot-pos,0x3ae5e6726220,362409
snapshot-code-name,362734,"Builtin:KeyedStoreIC_Initialize_Strict"
snapshot-pos,0x3ae5e6726360,362734
snapshot-code-name,362834,"Builtin:KeyedStoreIC_Generic_Strict"
snapshot-pos,0x3ae5e67263c0,362834
snapshot-code-name,363159,"Builtin:KeyedStoreIC_NonStrictArguments"
snapshot-pos,0x3ae5e6726500,363159
snapshot-code-name,363563,"Builtin:FunctionCall"
snapshot-pos,0x3ae5e67266a0,363563
snapshot-code-name,364054,"Builtin:FunctionApply"
snapshot-pos,0x3ae5e6726880,364054
snapshot-code-name,364542,"Builtin:ArrayCode"
snapshot-pos,0x3ae5e6726a60,364542
snapshot-code-name,365315,"Builtin:ArrayConstructCode"
snapshot-pos,0x3ae5e6726d80,365315
snapshot-code-name,366088,"Builtin:StringConstructCode"
snapshot-pos,0x3ae5e67270a0,366088
snapshot-code-name,366663,"Builtin:OnStackReplacement"
snapshot-pos,0x3ae5e6727340,366663
snapshot-code-name,367622,"Builtin:ConstructCall_DebugBreak"
snapshot-pos,0x3ae5e67277a0,367622
snapshot-code-name,367811,"Builtin:StubNoRegisters_DebugBreak"
snapshot-pos,0x3ae5e6727860,367811
snapshot-code-name,367933,"Builtin:LoadIC_DebugBreak"
snapshot-pos,0x3ae5e67278e0,367933
snapshot-code-name,368087,"Builtin:KeyedLoadIC_DebugBreak"
snapshot-pos,0x3ae5e6727980,368087
snapshot-code-name,368241,"Builtin:StoreIC_DebugBreak"
snapshot-pos,0x3ae5e6727a20,368241
snapshot-code-name,368398,"Builtin:KeyedStoreIC_DebugBreak"
snapshot-pos,0x3ae5e6727ac0,368398
snapshot-code-name,368558,"Builtin:PlainReturn_LiveEdit"
snapshot-pos,0x3ae5e6727c00,368558
snapshot-code-name,368654,"Builtin:FrameDropper_LiveEdit"
snapshot-pos,0x3ae5e6727c60,368654
